{"logTime": "1011/060452", "correlationVector":"Wn0FiwPldsHiv156UqjDdv.66","action":"GetUpdates", "result":"DeleteReceived", "context":{"id":"7f9c2fea-0223-4d36-9bc3-fc50354250ef", "isDeleted:":"true", "version":"1727483896086"}}
{"logTime": "1011/060452", "correlationVector":"Wn0FiwPldsHiv156UqjDdv.67","action":"GetUpdates", "result":"DeleteReceived", "context":{"id":"653c2f31-7748-496b-8be1-3a6572978d08", "isDeleted:":"true", "version":"1727483896087"}}
{"logTime": "1011/060452", "correlationVector":"Wn0FiwPldsHiv156UqjDdv.68","action":"GetUpdates", "result":"DeleteReceived", "context":{"id":"ef76acaa-12f9-433a-8083-374a558d0481", "isDeleted:":"true", "version":"1727483896088"}}
{"logTime": "1011/060452", "correlationVector":"Wn0FiwPldsHiv156UqjDdv.69","action":"GetUpdates", "result":"DeleteReceived", "context":{"id":"dae12788-5a54-4189-a580-62f8b7ac4dd1", "isDeleted:":"true", "version":"1727483896089"}}
{"logTime": "1011/060452", "correlationVector":"Wn0FiwPldsHiv156UqjDdv.70","action":"GetUpdates", "result":"DeleteReceived", "context":{"id":"fab04599-7c7b-4f2c-804c-8893a2892efe", "isDeleted:":"true", "version":"1727483896091"}}
{"logTime": "1011/060452", "correlationVector":"Wn0FiwPldsHiv156UqjDdv.71","action":"GetUpdates", "result":"DeleteReceived", "context":{"id":"afa9f420-da19-4fef-a094-b2048a489d55", "isDeleted:":"true", "version":"1727483896092"}}
{"logTime": "1011/060452", "correlationVector":"Wn0FiwPldsHiv156UqjDdv.72","action":"GetUpdates", "result":"DeleteReceived", "context":{"id":"4a87f4bc-8053-44c4-a8c2-7c0b602fb21e", "isDeleted:":"true", "version":"1727483898996"}}
{"logTime": "1011/060452", "correlationVector":"Wn0FiwPldsHiv156UqjDdv.73","action":"GetUpdates", "result":"DeleteReceived", "context":{"id":"1d7c8235-f9ff-4f0f-9f69-34950fca441b", "isDeleted:":"true", "version":"1727483899000"}}
{"logTime": "1011/060452", "correlationVector":"Wn0FiwPldsHiv156UqjDdv.74","action":"GetUpdates", "result":"DeleteReceived", "context":{"id":"17ab314d-8457-4b8f-8714-fab4488c7881", "isDeleted:":"true", "version":"1727483899002"}}
{"logTime": "1011/060452", "correlationVector":"Wn0FiwPldsHiv156UqjDdv.75","action":"GetUpdates", "result":"DeleteReceived", "context":{"id":"1dfe5972-c038-4a88-9bbb-55f9fb695101", "isDeleted:":"true", "version":"1727483899005"}}
{"logTime": "1011/060452", "correlationVector":"Wn0FiwPldsHiv156UqjDdv.76","action":"GetUpdates", "result":"DeleteReceived", "context":{"id":"705b3f46-70b2-49ed-932a-36c1c4beaff1", "isDeleted:":"true", "version":"1727483899006"}}
{"logTime": "1011/060452", "correlationVector":"Wn0FiwPldsHiv156UqjDdv.77","action":"GetUpdates", "result":"DeleteReceived", "context":{"id":"a9896966-bd8e-48f1-9fb5-82f02df77ac3", "isDeleted:":"true", "version":"1727483899008"}}
{"logTime": "1011/060452", "correlationVector":"Wn0FiwPldsHiv156UqjDdv.78","action":"GetUpdates", "result":"DeleteReceived", "context":{"id":"008253b2-7fa2-4fb7-b255-ca7ca8837706", "isDeleted:":"true", "version":"1727483899010"}}
{"logTime": "1011/060452", "correlationVector":"Wn0FiwPldsHiv156UqjDdv.79","action":"GetUpdates", "result":"DeleteReceived", "context":{"id":"b210626e-da00-4a55-bbcd-a0220a4292f3", "isDeleted:":"true", "version":"1727483899013"}}
{"logTime": "1011/060452", "correlationVector":"Wn0FiwPldsHiv156UqjDdv.80","action":"GetUpdates Response", "result":"Success", "context":Received 250 update(s). cV=Wn0FiwPldsHiv156UqjDdv.0;server=GENERAL01000011;cloudType=Consumer;environment=Prod_SoutheastAsia_000j;migrationStage=NotStarted Some updates remain.}
{"logTime": "1011/060452", "correlationVector":"qlN5vogi0jWToCaWltfeOL","action":"Initial GetUpdates", "result":"", "context":Reason: NEWLY_SUPPORTED_DATATYPE. cV=qlN5vogi0jWToCaWltfeOL}
{"logTime": "1011/060452", "correlationVector":"qlN5vogi0jWToCaWltfeOL.1","action":"SyncServerConnectionManagerRequest", "result":"SYNC_SERVER_OK", "context":{"environment":"Prod_SoutheastAsia_000j", "migrationStage":"NotStarted", "server":"GENERAL03000000"}}
{"logTime": "1011/060452", "correlationVector":"qlN5vogi0jWToCaWltfeOL.2","action":"GetUpdates Response", "result":"Success", "context":Received 51 update(s). cV=qlN5vogi0jWToCaWltfeOL.0;server=GENERAL03000000;cloudType=Consumer;environment=Prod_SoutheastAsia_000j;migrationStage=NotStarted}
{"logTime": "1011/060455", "correlationVector":"MzFbZSLNI+a+SlEeGUctFK","action":"Normal GetUpdate request", "result":"", "context":cV=MzFbZSLNI+a+SlEeGUctFK
Nudged types: Sessions, Device Info
Refresh requested types: Bookmarks, Preferences, Passwords, Autofill Profiles, Autofill, Typed URLs, Extensions, Sessions, Extension settings, History Delete Directives, Device Info, User Consents, Send Tab To Self, Web Apps, Collection, Edge E Drop, Edge Hub App Usage, Edge Tab Group, Edge Wallet, Encryption Keys}
{"logTime": "1011/060456", "correlationVector":"MzFbZSLNI+a+SlEeGUctFK.1","action":"SyncServerConnectionManagerRequest", "result":"SYNC_SERVER_OK", "context":{"environment":"Prod_SoutheastAsia_000j", "migrationStage":"NotStarted", "server":"GENERAL01000004"}}
{"logTime": "1011/060456", "correlationVector":"MzFbZSLNI+a+SlEeGUctFK.2","action":"GetUpdates", "result":"DeleteReceived", "context":{"id":"8d9090e5-b18c-4824-95c8-8a4b58090161", "isDeleted:":"true", "version":"1728583779279"}}
{"logTime": "1011/060456", "correlationVector":"MzFbZSLNI+a+SlEeGUctFK.3","action":"GetUpdates", "result":"DeleteReceived", "context":{"id":"5c64adc3-c52b-4a85-9f0a-7aa68cf63127", "isDeleted:":"true", "version":"1728583779280"}}
{"logTime": "1011/060456", "correlationVector":"MzFbZSLNI+a+SlEeGUctFK.4","action":"GetUpdates", "result":"DeleteReceived", "context":{"id":"b3584362-db35-4b2c-b9aa-07782437382a", "isDeleted:":"true", "version":"1728583779281"}}
{"logTime": "1011/060456", "correlationVector":"MzFbZSLNI+a+SlEeGUctFK.5","action":"GetUpdates", "result":"DeleteReceived", "context":{"id":"90cac620-3442-4ef0-83f2-0f7dbce052e1", "isDeleted:":"true", "version":"1728583779283"}}
{"logTime": "1011/060456", "correlationVector":"MzFbZSLNI+a+SlEeGUctFK.6","action":"GetUpdates", "result":"DeleteReceived", "context":{"id":"91759f40-9a6e-4c2d-9a64-754208a8234f", "isDeleted:":"true", "version":"1728583779284"}}
{"logTime": "1011/060456", "correlationVector":"MzFbZSLNI+a+SlEeGUctFK.7","action":"GetUpdates", "result":"DeleteReceived", "context":{"id":"5671314b-4986-4c31-a6f1-292561a76904", "isDeleted:":"true", "version":"1728585346229"}}
{"logTime": "1011/060456", "correlationVector":"MzFbZSLNI+a+SlEeGUctFK.8","action":"GetUpdates", "result":"DeleteReceived", "context":{"id":"3bddea39-d1b9-45f0-a5d3-8edbc9918142", "isDeleted:":"true", "version":"1728625838007"}}
{"logTime": "1011/060456", "correlationVector":"MzFbZSLNI+a+SlEeGUctFK.9","action":"GetUpdates Response", "result":"Success", "context":Received 12 update(s). cV=MzFbZSLNI+a+SlEeGUctFK.0;server=GENERAL01000004;cloudType=Consumer;environment=Prod_SoutheastAsia_000j;migrationStage=NotStarted}
{"logTime": "1011/060456", "correlationVector":"aMXpA4/KWQeKqQ0EwucYxf","action":"Commit Request", "result":"", "context":Item count: 4
Contributing types: Sessions, Device Info}
{"logTime": "1011/060457", "correlationVector":"aMXpA4/KWQeKqQ0EwucYxf.1","action":"SyncServerConnectionManagerRequest", "result":"SYNC_SERVER_OK", "context":{"environment":"Prod_SoutheastAsia_000j", "migrationStage":"NotStarted", "server":"GENERAL0300000S"}}
{"logTime": "1011/060457", "correlationVector":"aMXpA4/KWQeKqQ0EwucYxf.3","action":"Commit.Sessions", "result":"Success", "context":{"id":"d9f535dc-1ec9-451f-bc8c-d53f154379f2", "isDeleted":"true", "size":"0", "version":"1728573462175"}}
{"logTime": "1011/060457", "correlationVector":"aMXpA4/KWQeKqQ0EwucYxf.2","action":"Commit Response", "result":"Success", "context":Result: Success. cV=aMXpA4/KWQeKqQ0EwucYxf.0;server=GENERAL0300000S;cloudType=Consumer;environment=Prod_SoutheastAsia_000j;migrationStage=NotStarted}
{"logTime": "1011/060457", "correlationVector":"etrlrKH6qzHHG5tlCWfOWW","action":"Normal GetUpdate request", "result":"", "context":cV=etrlrKH6qzHHG5tlCWfOWW
Nudged types: Sessions, Device Info}
{"logTime": "1011/060457", "correlationVector":"etrlrKH6qzHHG5tlCWfOWW.1","action":"SyncServerConnectionManagerRequest", "result":"SYNC_SERVER_OK", "context":{"environment":"Prod_SoutheastAsia_000j", "migrationStage":"NotStarted", "server":"GENERAL01000008"}}
{"logTime": "1011/060457", "correlationVector":"etrlrKH6qzHHG5tlCWfOWW.2","action":"GetUpdates", "result":"DeleteReceived", "context":{"id":"d9f535dc-1ec9-451f-bc8c-d53f154379f2", "isDeleted:":"true", "version":"1728626697138"}}
{"logTime": "1011/060457", "correlationVector":"etrlrKH6qzHHG5tlCWfOWW.3","action":"GetUpdates Response", "result":"Success", "context":Received 4 update(s). cV=etrlrKH6qzHHG5tlCWfOWW.0;server=GENERAL01000008;cloudType=Consumer;environment=Prod_SoutheastAsia_000j;migrationStage=NotStarted}
{"logTime": "1011/060457", "correlationVector":"MbgoIpCLZ08gYGlMO/TtPQ","action":"Poll GetUpdate request", "result":"", "context":cV=MbgoIpCLZ08gYGlMO/TtPQ}
{"logTime": "1011/060458", "correlationVector":"MbgoIpCLZ08gYGlMO/TtPQ.1","action":"SyncServerConnectionManagerRequest", "result":"SYNC_SERVER_OK", "context":{"environment":"Prod_SoutheastAsia_000j", "migrationStage":"NotStarted", "server":"GENERAL0300000E"}}
{"logTime": "1011/060458", "correlationVector":"MbgoIpCLZ08gYGlMO/TtPQ.2","action":"GetUpdates Response", "result":"Success", "context":Received 0 update(s). cV=MbgoIpCLZ08gYGlMO/TtPQ.0;server=GENERAL0300000E;cloudType=Consumer;environment=Prod_SoutheastAsia_000j;migrationStage=NotStarted}
{"logTime": "1011/060458", "correlationVector":"eo4Gsk+Hy40OmciXynNmOM","action":"Commit Request", "result":"", "context":Item count: 3
Contributing types: Preferences, Passwords}
{"logTime": "1011/060459", "correlationVector":"eo4Gsk+Hy40OmciXynNmOM.1","action":"SyncServerConnectionManagerRequest", "result":"SYNC_SERVER_OK", "context":{"environment":"Prod_SoutheastAsia_000j", "migrationStage":"NotStarted", "server":"GENERAL0100000T"}}
{"logTime": "1011/060459", "correlationVector":"eo4Gsk+Hy40OmciXynNmOM.2","action":"Commit Response", "result":"Success", "context":Result: Success. cV=eo4Gsk+Hy40OmciXynNmOM.0;server=GENERAL0100000T;cloudType=Consumer;environment=Prod_SoutheastAsia_000j;migrationStage=NotStarted}
{"logTime": "1011/060948", "correlationVector":"ow1QHmtgE9oPeQxC0MPEGr","action":"Normal GetUpdate request", "result":"", "context":cV=ow1QHmtgE9oPeQxC0MPEGr
Refresh requested types: Bookmarks, Preferences, Passwords, Autofill Profiles, Autofill, Typed URLs, Extensions, Sessions, Extension settings, History Delete Directives, Device Info, User Consents, Send Tab To Self, Web Apps, Collection, Edge E Drop, Edge Hub App Usage, Edge Tab Group, Edge Wallet, Encryption Keys}
{"logTime": "1011/060949", "correlationVector":"ow1QHmtgE9oPeQxC0MPEGr.1","action":"SyncServerConnectionManagerRequest", "result":"SYNC_SERVER_OK", "context":{"environment":"Prod_SoutheastAsia_000j", "migrationStage":"NotStarted", "server":"GENERAL01000007"}}
{"logTime": "1011/060949", "correlationVector":"ow1QHmtgE9oPeQxC0MPEGr.2","action":"GetUpdates Response", "result":"Success", "context":Received 3 update(s). cV=ow1QHmtgE9oPeQxC0MPEGr.0;server=GENERAL01000007;cloudType=Consumer;environment=Prod_SoutheastAsia_000j;migrationStage=NotStarted}
{"logTime": "1014/083748", "correlationVector":"2nLau/UQ0+XlBy3Klj7KvT.1","action":"SyncServerConnectionManagerRequest", "result":"SYNC_SERVER_OK", "context":{"environment":"Prod_SoutheastAsia_000j", "migrationStage":"NotStarted", "server":"GENERAL0100000A"}}
{"logTime": "1014/083749", "correlationVector":"FWdjYW+SFc/Iq6l3DVn6Tf","action":"SyncServerConnectionManagerRequest", "result":"SYNC_SERVER_OK", "context":{"environment":"", "migrationStage":"", "server":""}}
{"logTime": "1014/083749", "correlationVector":"2nLau/UQ0+XlBy3Klj7KvT","action":"Initial GetUpdates", "result":"", "context":Reason: NEW_CLIENT. cV=2nLau/UQ0+XlBy3Klj7KvT}
{"logTime": "1014/083749", "correlationVector":"2nLau/UQ0+XlBy3Klj7KvT.2","action":"GetUpdates Response", "result":"Success", "context":Received 1 update(s). cV=2nLau/UQ0+XlBy3Klj7KvT.0;server=GENERAL0100000A;cloudType=Consumer;environment=Prod_SoutheastAsia_000j;migrationStage=NotStarted}
{"logTime": "1014/083749", "correlationVector":"byYKZyrbsJdaHzLU9Fhpaq","action":"Initial GetUpdates", "result":"", "context":Reason: NEWLY_SUPPORTED_DATATYPE. cV=byYKZyrbsJdaHzLU9Fhpaq}
{"logTime": "1014/083750", "correlationVector":"byYKZyrbsJdaHzLU9Fhpaq.1","action":"SyncServerConnectionManagerRequest", "result":"SYNC_SERVER_OK", "context":{"environment":"Prod_SoutheastAsia_000j", "migrationStage":"NotStarted", "server":"GENERAL0300002C"}}
{"logTime": "1014/083750", "correlationVector":"byYKZyrbsJdaHzLU9Fhpaq.2","action":"GetUpdates", "result":"DeleteReceived", "context":{"id":"0ea57b31-381b-4d9d-ac5c-c1014d26ad81", "isDeleted:":"true", "version":"1706442641176"}}
{"logTime": "1014/083750", "correlationVector":"byYKZyrbsJdaHzLU9Fhpaq.3","action":"GetUpdates", "result":"DeleteReceived", "context":{"id":"f489036d-42cb-411e-873f-3ea0d82ef452", "isDeleted:":"true", "version":"1714087189824"}}
{"logTime": "1014/083750", "correlationVector":"byYKZyrbsJdaHzLU9Fhpaq.4","action":"GetUpdates", "result":"DeleteReceived", "context":{"id":"0e0b0659-3a18-4e60-ab10-ec1b938ec12f", "isDeleted:":"true", "version":"1714087192894"}}
{"logTime": "1014/083750", "correlationVector":"byYKZyrbsJdaHzLU9Fhpaq.5","action":"GetUpdates", "result":"DeleteReceived", "context":{"id":"d82447c1-123b-4178-be82-485ce02d6d75", "isDeleted:":"true", "version":"1714087195475"}}
{"logTime": "1014/083750", "correlationVector":"byYKZyrbsJdaHzLU9Fhpaq.6","action":"GetUpdates", "result":"DeleteReceived", "context":{"id":"c75d3af1-d3d4-46e3-8cc1-bf5e4be90a9b", "isDeleted:":"true", "version":"1714087195497"}}
{"logTime": "1014/083750", "correlationVector":"byYKZyrbsJdaHzLU9Fhpaq.7","action":"GetUpdates", "result":"DeleteReceived", "context":{"id":"dd35a364-be88-4f28-bea6-308525f54b7b", "isDeleted:":"true", "version":"1724618492882"}}
{"logTime": "1014/083750", "correlationVector":"byYKZyrbsJdaHzLU9Fhpaq.8","action":"GetUpdates", "result":"DeleteReceived", "context":{"id":"056f179b-2521-4ad7-a071-c6a98996143b", "isDeleted:":"true", "version":"1727483886667"}}
{"logTime": "1014/083750", "correlationVector":"byYKZyrbsJdaHzLU9Fhpaq.9","action":"GetUpdates", "result":"DeleteReceived", "context":{"id":"648c25e6-a755-4adf-b396-ab10f387c202", "isDeleted:":"true", "version":"1727483886669"}}
{"logTime": "1014/083750", "correlationVector":"byYKZyrbsJdaHzLU9Fhpaq.10","action":"GetUpdates", "result":"DeleteReceived", "context":{"id":"2363b098-5812-4371-81e4-0db585bbe3cf", "isDeleted:":"true", "version":"1727483886671"}}
{"logTime": "1014/083750", "correlationVector":"byYKZyrbsJdaHzLU9Fhpaq.11","action":"GetUpdates", "result":"DeleteReceived", "context":{"id":"eb10fc04-8b2a-4f4b-b88d-d449fb94b314", "isDeleted:":"true", "version":"1727483886674"}}
{"logTime": "1014/083750", "correlationVector":"byYKZyrbsJdaHzLU9Fhpaq.12","action":"GetUpdates", "result":"DeleteReceived", "context":{"id":"d6436467-cb1d-4a83-ae3b-393c87506635", "isDeleted:":"true", "version":"1727483886676"}}
{"logTime": "1014/083750", "correlationVector":"byYKZyrbsJdaHzLU9Fhpaq.13","action":"GetUpdates", "result":"DeleteReceived", "context":{"id":"6c3029af-0ade-4713-903f-eec8dfe8bb71", "isDeleted:":"true", "version":"1727483886677"}}
{"logTime": "1014/083750", "correlationVector":"byYKZyrbsJdaHzLU9Fhpaq.14","action":"GetUpdates", "result":"DeleteReceived", "context":{"id":"0b7b7f9a-eea1-4a9c-8965-7051191b2467", "isDeleted:":"true", "version":"1727483886678"}}
{"logTime": "1014/083750", "correlationVector":"byYKZyrbsJdaHzLU9Fhpaq.15","action":"GetUpdates", "result":"DeleteReceived", "context":{"id":"af4089d7-8fac-4128-a4ba-1e0409c3457f", "isDeleted:":"true", "version":"1727483886680"}}
{"logTime": "1014/083750", "correlationVector":"byYKZyrbsJdaHzLU9Fhpaq.16","action":"GetUpdates", "result":"DeleteReceived", "context":{"id":"081366d8-95fb-4c8c-b9e4-9282bdf8c404", "isDeleted:":"true", "version":"1727483886682"}}
{"logTime": "1014/083750", "correlationVector":"byYKZyrbsJdaHzLU9Fhpaq.17","action":"GetUpdates", "result":"DeleteReceived", "context":{"id":"cc341d4c-bcfe-4836-b49e-05dbbb4bc554", "isDeleted:":"true", "version":"1727483886683"}}
{"logTime": "1014/083750", "correlationVector":"byYKZyrbsJdaHzLU9Fhpaq.18","action":"GetUpdates", "result":"DeleteReceived", "context":{"id":"ca1e358c-184f-4d26-9766-05fc0fcfb746", "isDeleted:":"true", "version":"1727483886684"}}
{"logTime": "1014/083750", "correlationVector":"byYKZyrbsJdaHzLU9Fhpaq.19","action":"GetUpdates", "result":"DeleteReceived", "context":{"id":"189f364e-3e6f-4a42-bf8d-fa11bf639fe4", "isDeleted:":"true", "version":"1727483886693"}}
{"logTime": "1014/083750", "correlationVector":"byYKZyrbsJdaHzLU9Fhpaq.20","action":"GetUpdates", "result":"DeleteReceived", "context":{"id":"f9fb8125-893f-4429-8a35-d1244712bc0e", "isDeleted:":"true", "version":"1727483886694"}}
{"logTime": "1014/083750", "correlationVector":"byYKZyrbsJdaHzLU9Fhpaq.21","action":"GetUpdates", "result":"DeleteReceived", "context":{"id":"c7294f7a-1e28-4452-a931-f36600228e85", "isDeleted:":"true", "version":"1727483886700"}}
{"logTime": "1014/083750", "correlationVector":"byYKZyrbsJdaHzLU9Fhpaq.22","action":"GetUpdates", "result":"DeleteReceived", "context":{"id":"2333b779-0652-4eb7-9740-05aef4255a51", "isDeleted:":"true", "version":"1727483886701"}}
{"logTime": "1014/083750", "correlationVector":"byYKZyrbsJdaHzLU9Fhpaq.23","action":"GetUpdates", "result":"DeleteReceived", "context":{"id":"d1ff947e-b7ae-4f23-9a92-7b6ba0e60e5c", "isDeleted:":"true", "version":"1727483886703"}}
{"logTime": "1014/083750", "correlationVector":"byYKZyrbsJdaHzLU9Fhpaq.24","action":"GetUpdates", "result":"DeleteReceived", "context":{"id":"05ec46fa-33d6-4e46-80b1-cd14befdd8d1", "isDeleted:":"true", "version":"1727483886704"}}
{"logTime": "1014/083750", "correlationVector":"byYKZyrbsJdaHzLU9Fhpaq.25","action":"GetUpdates", "result":"DeleteReceived", "context":{"id":"7f64cbc4-4988-4add-944e-8cfd3c796b5f", "isDeleted:":"true", "version":"1727483889869"}}
{"logTime": "1014/083750", "correlationVector":"byYKZyrbsJdaHzLU9Fhpaq.26","action":"GetUpdates", "result":"DeleteReceived", "context":{"id":"4d6f5444-849a-4545-9384-bee5e0bd5028", "isDeleted:":"true", "version":"1727483889872"}}
{"logTime": "1014/083750", "correlationVector":"byYKZyrbsJdaHzLU9Fhpaq.27","action":"GetUpdates", "result":"DeleteReceived", "context":{"id":"8bbf50de-837e-42db-afbb-3e8685a1b614", "isDeleted:":"true", "version":"1727483889876"}}
{"logTime": "1014/083750", "correlationVector":"byYKZyrbsJdaHzLU9Fhpaq.28","action":"GetUpdates", "result":"DeleteReceived", "context":{"id":"14b5c725-7661-408b-ab3b-634f4732d2fe", "isDeleted:":"true", "version":"1727483889877"}}
{"logTime": "1014/083750", "correlationVector":"byYKZyrbsJdaHzLU9Fhpaq.29","action":"GetUpdates", "result":"DeleteReceived", "context":{"id":"41632a5b-642c-4438-9320-a07cbf869298", "isDeleted:":"true", "version":"1727483889884"}}
{"logTime": "1014/083750", "correlationVector":"byYKZyrbsJdaHzLU9Fhpaq.30","action":"GetUpdates", "result":"DeleteReceived", "context":{"id":"93c0d1ba-1186-4147-8dc9-14408077ec72", "isDeleted:":"true", "version":"1727483889885"}}
{"logTime": "1014/083750", "correlationVector":"byYKZyrbsJdaHzLU9Fhpaq.31","action":"GetUpdates", "result":"DeleteReceived", "context":{"id":"7a16480e-bb76-44cc-acfe-7f15d4d8e521", "isDeleted:":"true", "version":"1727483889896"}}
{"logTime": "1014/083750", "correlationVector":"byYKZyrbsJdaHzLU9Fhpaq.32","action":"GetUpdates", "result":"DeleteReceived", "context":{"id":"1cff5d48-4baa-4896-95cd-61b27fe4f6e8", "isDeleted:":"true", "version":"1727483889897"}}
{"logTime": "1014/083750", "correlationVector":"byYKZyrbsJdaHzLU9Fhpaq.33","action":"GetUpdates", "result":"DeleteReceived", "context":{"id":"30d8a0ed-79c2-46b3-b6e0-2326e9330fee", "isDeleted:":"true", "version":"1727483889900"}}
{"logTime": "1014/083750", "correlationVector":"byYKZyrbsJdaHzLU9Fhpaq.34","action":"GetUpdates", "result":"DeleteReceived", "context":{"id":"9222a3f4-ecf3-4e7f-8f3d-c32601f5ba99", "isDeleted:":"true", "version":"1727483889901"}}
{"logTime": "1014/083750", "correlationVector":"byYKZyrbsJdaHzLU9Fhpaq.35","action":"GetUpdates", "result":"DeleteReceived", "context":{"id":"71afaf0e-4848-40a5-b64f-cce7f09551ba", "isDeleted:":"true", "version":"1727483889904"}}
{"logTime": "1014/083750", "correlationVector":"byYKZyrbsJdaHzLU9Fhpaq.36","action":"GetUpdates", "result":"DeleteReceived", "context":{"id":"8b43e9dc-c2f5-4f60-a226-bcfdaecbcef0", "isDeleted:":"true", "version":"1727483893075"}}
{"logTime": "1014/083750", "correlationVector":"byYKZyrbsJdaHzLU9Fhpaq.37","action":"GetUpdates", "result":"DeleteReceived", "context":{"id":"2403c1f7-8227-42ab-84c6-2e48c7ef3c0d", "isDeleted:":"true", "version":"1727483893076"}}
{"logTime": "1014/083750", "correlationVector":"byYKZyrbsJdaHzLU9Fhpaq.38","action":"GetUpdates", "result":"DeleteReceived", "context":{"id":"ac9281d6-398d-436d-af3f-2f4cc927aa0f", "isDeleted:":"true", "version":"1727483893077"}}
{"logTime": "1014/083750", "correlationVector":"byYKZyrbsJdaHzLU9Fhpaq.39","action":"GetUpdates", "result":"DeleteReceived", "context":{"id":"35ea8f9c-d35b-45a8-8343-1e4598a560ce", "isDeleted:":"true", "version":"1727483893079"}}
{"logTime": "1014/083750", "correlationVector":"byYKZyrbsJdaHzLU9Fhpaq.40","action":"GetUpdates", "result":"DeleteReceived", "context":{"id":"ebe41000-09ff-43ee-a99e-21343ce6cde2", "isDeleted:":"true", "version":"1727483893081"}}
{"logTime": "1014/083750", "correlationVector":"byYKZyrbsJdaHzLU9Fhpaq.41","action":"GetUpdates", "result":"DeleteReceived", "context":{"id":"b326aab6-15e3-4965-b461-4fe856a8ff6f", "isDeleted:":"true", "version":"1727483893086"}}
{"logTime": "1014/083750", "correlationVector":"byYKZyrbsJdaHzLU9Fhpaq.42","action":"GetUpdates", "result":"DeleteReceived", "context":{"id":"f44fe50e-285b-43a5-93c2-5d221f0ff216", "isDeleted:":"true", "version":"1727483893088"}}
{"logTime": "1014/083750", "correlationVector":"byYKZyrbsJdaHzLU9Fhpaq.43","action":"GetUpdates", "result":"DeleteReceived", "context":{"id":"165550d9-0d8e-4136-9905-e788c8d435fc", "isDeleted:":"true", "version":"1727483893089"}}
{"logTime": "1014/083750", "correlationVector":"byYKZyrbsJdaHzLU9Fhpaq.44","action":"GetUpdates", "result":"DeleteReceived", "context":{"id":"f57ad439-0233-482b-a75f-207f107d1784", "isDeleted:":"true", "version":"1727483893090"}}
{"logTime": "1014/083750", "correlationVector":"byYKZyrbsJdaHzLU9Fhpaq.45","action":"GetUpdates", "result":"DeleteReceived", "context":{"id":"2e4edaad-2bc8-41a8-955b-add54cb4daf6", "isDeleted:":"true", "version":"1727483893092"}}
{"logTime": "1014/083750", "correlationVector":"byYKZyrbsJdaHzLU9Fhpaq.46","action":"GetUpdates", "result":"DeleteReceived", "context":{"id":"d109893d-9ddb-428f-97b6-81a8613b9e1e", "isDeleted:":"true", "version":"1727483893094"}}
{"logTime": "1014/083750", "correlationVector":"byYKZyrbsJdaHzLU9Fhpaq.47","action":"GetUpdates", "result":"DeleteReceived", "context":{"id":"807b7a7b-3633-42bb-8d97-f0b577f0ce65", "isDeleted:":"true", "version":"1727483893098"}}
{"logTime": "1014/083750", "correlationVector":"byYKZyrbsJdaHzLU9Fhpaq.48","action":"GetUpdates", "result":"DeleteReceived", "context":{"id":"fa8be524-1513-4bd1-8e74-8d6281eaeb9d", "isDeleted:":"true", "version":"1727483893099"}}
{"logTime": "1014/083750", "correlationVector":"byYKZyrbsJdaHzLU9Fhpaq.49","action":"GetUpdates", "result":"DeleteReceived", "context":{"id":"ee715456-11b6-4bed-9b9c-e3e9beaaac76", "isDeleted:":"true", "version":"1727483893107"}}
{"logTime": "1014/083750", "correlationVector":"byYKZyrbsJdaHzLU9Fhpaq.50","action":"GetUpdates", "result":"DeleteReceived", "context":{"id":"3c02e48d-83fa-4c45-8e68-581723e29f05", "isDeleted:":"true", "version":"1727483893109"}}
{"logTime": "1014/083750", "correlationVector":"byYKZyrbsJdaHzLU9Fhpaq.51","action":"GetUpdates", "result":"DeleteReceived", "context":{"id":"768969f6-a377-4291-af9b-631465848dd5", "isDeleted:":"true", "version":"1727483893110"}}
{"logTime": "1014/083750", "correlationVector":"byYKZyrbsJdaHzLU9Fhpaq.52","action":"GetUpdates", "result":"DeleteReceived", "context":{"id":"b3d17d66-4521-427c-a411-49b7c952aabc", "isDeleted:":"true", "version":"1727483896057"}}
{"logTime": "1014/083750", "correlationVector":"byYKZyrbsJdaHzLU9Fhpaq.53","action":"GetUpdates", "result":"DeleteReceived", "context":{"id":"77bb1f06-ccbd-4977-8bf9-fe78f18ae2c8", "isDeleted:":"true", "version":"1727483896059"}}
{"logTime": "1014/083750", "correlationVector":"byYKZyrbsJdaHzLU9Fhpaq.54","action":"GetUpdates", "result":"DeleteReceived", "context":{"id":"0aa4a3ff-1022-47de-bb75-284902bbab2d", "isDeleted:":"true", "version":"1727483896062"}}
{"logTime": "1014/083750", "correlationVector":"byYKZyrbsJdaHzLU9Fhpaq.55","action":"GetUpdates", "result":"DeleteReceived", "context":{"id":"50fced51-c53c-41ad-974b-f258ff129e9b", "isDeleted:":"true", "version":"1727483896064"}}
{"logTime": "1014/083750", "correlationVector":"byYKZyrbsJdaHzLU9Fhpaq.56","action":"GetUpdates", "result":"DeleteReceived", "context":{"id":"3ff68ae1-f0fb-4e10-ab62-5d3aaa43d47c", "isDeleted:":"true", "version":"1727483896066"}}
{"logTime": "1014/083750", "correlationVector":"byYKZyrbsJdaHzLU9Fhpaq.57","action":"GetUpdates", "result":"DeleteReceived", "context":{"id":"33527fe5-2e27-4a16-bb44-759498f8fb26", "isDeleted:":"true", "version":"1727483896068"}}
{"logTime": "1014/083750", "correlationVector":"byYKZyrbsJdaHzLU9Fhpaq.58","action":"GetUpdates", "result":"DeleteReceived", "context":{"id":"a1aecbd9-6a55-450d-bb29-3122738b55c2", "isDeleted:":"true", "version":"1727483896071"}}
{"logTime": "1014/083750", "correlationVector":"byYKZyrbsJdaHzLU9Fhpaq.59","action":"GetUpdates", "result":"DeleteReceived", "context":{"id":"479555c4-43b9-42e1-a97c-de72a2e7d6b0", "isDeleted:":"true", "version":"1727483896072"}}
{"logTime": "1014/083750", "correlationVector":"byYKZyrbsJdaHzLU9Fhpaq.60","action":"GetUpdates", "result":"DeleteReceived", "context":{"id":"655f375c-63a1-4346-85f4-e065381a4188", "isDeleted:":"true", "version":"1727483896073"}}
{"logTime": "1014/083750", "correlationVector":"byYKZyrbsJdaHzLU9Fhpaq.61","action":"GetUpdates", "result":"DeleteReceived", "context":{"id":"b06d195f-1955-4e81-b988-3b67ee78df37", "isDeleted:":"true", "version":"1727483896075"}}
{"logTime": "1014/083750", "correlationVector":"byYKZyrbsJdaHzLU9Fhpaq.62","action":"GetUpdates", "result":"DeleteReceived", "context":{"id":"8c072905-04b4-466c-8e92-f5579fe50798", "isDeleted:":"true", "version":"1727483896078"}}
{"logTime": "1014/083750", "correlationVector":"byYKZyrbsJdaHzLU9Fhpaq.63","action":"GetUpdates", "result":"DeleteReceived", "context":{"id":"1230566e-ce54-4105-a0ba-1ff602c5876b", "isDeleted:":"true", "version":"1727483896080"}}
{"logTime": "1014/083750", "correlationVector":"byYKZyrbsJdaHzLU9Fhpaq.64","action":"GetUpdates", "result":"DeleteReceived", "context":{"id":"1b3e837f-16a4-48c5-8271-d2236c4cafc0", "isDeleted:":"true", "version":"1727483896082"}}
{"logTime": "1014/083750", "correlationVector":"byYKZyrbsJdaHzLU9Fhpaq.65","action":"GetUpdates", "result":"DeleteReceived", "context":{"id":"cf54ce03-45a0-4e6e-be12-6754a2ce3bd0", "isDeleted:":"true", "version":"1727483896083"}}
{"logTime": "1014/083750", "correlationVector":"byYKZyrbsJdaHzLU9Fhpaq.66","action":"GetUpdates", "result":"DeleteReceived", "context":{"id":"7f9c2fea-0223-4d36-9bc3-fc50354250ef", "isDeleted:":"true", "version":"1727483896086"}}
{"logTime": "1014/083750", "correlationVector":"byYKZyrbsJdaHzLU9Fhpaq.67","action":"GetUpdates", "result":"DeleteReceived", "context":{"id":"653c2f31-7748-496b-8be1-3a6572978d08", "isDeleted:":"true", "version":"1727483896087"}}
{"logTime": "1014/083750", "correlationVector":"byYKZyrbsJdaHzLU9Fhpaq.68","action":"GetUpdates", "result":"DeleteReceived", "context":{"id":"ef76acaa-12f9-433a-8083-374a558d0481", "isDeleted:":"true", "version":"1727483896088"}}
{"logTime": "1014/083750", "correlationVector":"byYKZyrbsJdaHzLU9Fhpaq.69","action":"GetUpdates", "result":"DeleteReceived", "context":{"id":"dae12788-5a54-4189-a580-62f8b7ac4dd1", "isDeleted:":"true", "version":"1727483896089"}}
{"logTime": "1014/083750", "correlationVector":"byYKZyrbsJdaHzLU9Fhpaq.70","action":"GetUpdates", "result":"DeleteReceived", "context":{"id":"fab04599-7c7b-4f2c-804c-8893a2892efe", "isDeleted:":"true", "version":"1727483896091"}}
{"logTime": "1014/083750", "correlationVector":"byYKZyrbsJdaHzLU9Fhpaq.71","action":"GetUpdates", "result":"DeleteReceived", "context":{"id":"afa9f420-da19-4fef-a094-b2048a489d55", "isDeleted:":"true", "version":"1727483896092"}}
{"logTime": "1014/083750", "correlationVector":"byYKZyrbsJdaHzLU9Fhpaq.72","action":"GetUpdates", "result":"DeleteReceived", "context":{"id":"4a87f4bc-8053-44c4-a8c2-7c0b602fb21e", "isDeleted:":"true", "version":"1727483898996"}}
{"logTime": "1014/083750", "correlationVector":"byYKZyrbsJdaHzLU9Fhpaq.73","action":"GetUpdates", "result":"DeleteReceived", "context":{"id":"1d7c8235-f9ff-4f0f-9f69-34950fca441b", "isDeleted:":"true", "version":"1727483899000"}}
{"logTime": "1014/083750", "correlationVector":"byYKZyrbsJdaHzLU9Fhpaq.74","action":"GetUpdates", "result":"DeleteReceived", "context":{"id":"17ab314d-8457-4b8f-8714-fab4488c7881", "isDeleted:":"true", "version":"1727483899002"}}
{"logTime": "1014/083750", "correlationVector":"byYKZyrbsJdaHzLU9Fhpaq.75","action":"GetUpdates", "result":"DeleteReceived", "context":{"id":"1dfe5972-c038-4a88-9bbb-55f9fb695101", "isDeleted:":"true", "version":"1727483899005"}}
{"logTime": "1014/083750", "correlationVector":"byYKZyrbsJdaHzLU9Fhpaq.76","action":"GetUpdates", "result":"DeleteReceived", "context":{"id":"705b3f46-70b2-49ed-932a-36c1c4beaff1", "isDeleted:":"true", "version":"1727483899006"}}
{"logTime": "1014/083750", "correlationVector":"byYKZyrbsJdaHzLU9Fhpaq.77","action":"GetUpdates", "result":"DeleteReceived", "context":{"id":"a9896966-bd8e-48f1-9fb5-82f02df77ac3", "isDeleted:":"true", "version":"1727483899008"}}
{"logTime": "1014/083750", "correlationVector":"byYKZyrbsJdaHzLU9Fhpaq.78","action":"GetUpdates", "result":"DeleteReceived", "context":{"id":"008253b2-7fa2-4fb7-b255-ca7ca8837706", "isDeleted:":"true", "version":"1727483899010"}}
{"logTime": "1014/083750", "correlationVector":"byYKZyrbsJdaHzLU9Fhpaq.79","action":"GetUpdates", "result":"DeleteReceived", "context":{"id":"b210626e-da00-4a55-bbcd-a0220a4292f3", "isDeleted:":"true", "version":"1727483899013"}}
{"logTime": "1014/083750", "correlationVector":"byYKZyrbsJdaHzLU9Fhpaq.80","action":"GetUpdates Response", "result":"Success", "context":Received 250 update(s). cV=byYKZyrbsJdaHzLU9Fhpaq.0;server=GENERAL0300002C;cloudType=Consumer;environment=Prod_SoutheastAsia_000j;migrationStage=NotStarted Some updates remain.}
{"logTime": "1014/083750", "correlationVector":"Z+lnsOqU5yE+C76M50KbNR","action":"Initial GetUpdates", "result":"", "context":Reason: NEWLY_SUPPORTED_DATATYPE. cV=Z+lnsOqU5yE+C76M50KbNR}
{"logTime": "1014/083751", "correlationVector":"Z+lnsOqU5yE+C76M50KbNR.1","action":"SyncServerConnectionManagerRequest", "result":"SYNC_SERVER_OK", "context":{"environment":"Prod_SoutheastAsia_000j", "migrationStage":"NotStarted", "server":"GENERAL0300000E"}}
{"logTime": "1014/083751", "correlationVector":"Z+lnsOqU5yE+C76M50KbNR.2","action":"GetUpdates Response", "result":"Success", "context":Received 51 update(s). cV=Z+lnsOqU5yE+C76M50KbNR.0;server=GENERAL0300000E;cloudType=Consumer;environment=Prod_SoutheastAsia_000j;migrationStage=NotStarted}
{"logTime": "1014/083754", "correlationVector":"63D8kaB/QEAVxWDja2pcBW","action":"Normal GetUpdate request", "result":"", "context":cV=63D8kaB/QEAVxWDja2pcBW
Nudged types: Sessions, Device Info
Refresh requested types: Bookmarks, Preferences, Passwords, Autofill Profiles, Autofill, Typed URLs, Extensions, Sessions, Extension settings, History Delete Directives, Device Info, User Consents, Send Tab To Self, Web Apps, Collection, Edge E Drop, Edge Hub App Usage, Edge Tab Group, Edge Wallet, Encryption Keys}
{"logTime": "1014/083755", "correlationVector":"63D8kaB/QEAVxWDja2pcBW.1","action":"SyncServerConnectionManagerRequest", "result":"SYNC_SERVER_OK", "context":{"environment":"Prod_SoutheastAsia_000j", "migrationStage":"NotStarted", "server":"GENERAL03000019"}}
{"logTime": "1014/083755", "correlationVector":"63D8kaB/QEAVxWDja2pcBW.2","action":"GetUpdates", "result":"DeleteReceived", "context":{"id":"a077130f-ffcd-4ca4-9cf4-cc50ca985168", "isDeleted:":"true", "version":"1728670605947"}}
{"logTime": "1014/083755", "correlationVector":"63D8kaB/QEAVxWDja2pcBW.3","action":"GetUpdates", "result":"DeleteReceived", "context":{"id":"f36acd73-b9f6-48a9-86b2-db90d1e14b20", "isDeleted:":"true", "version":"1728670605948"}}
{"logTime": "1014/083755", "correlationVector":"63D8kaB/QEAVxWDja2pcBW.4","action":"GetUpdates", "result":"DeleteReceived", "context":{"id":"917908ae-35b7-4d3f-822b-8188b11db393", "isDeleted:":"true", "version":"1728670605949"}}
{"logTime": "1014/083755", "correlationVector":"63D8kaB/QEAVxWDja2pcBW.5","action":"GetUpdates", "result":"DeleteReceived", "context":{"id":"d7e0e7c3-45c2-44e1-b51e-2ca02fe48605", "isDeleted:":"true", "version":"1728672476083"}}
{"logTime": "1014/083755", "correlationVector":"63D8kaB/QEAVxWDja2pcBW.6","action":"GetUpdates", "result":"DeleteReceived", "context":{"id":"d70d7e9a-5ae8-4695-b697-a01029af58d2", "isDeleted:":"true", "version":"1728673021174"}}
{"logTime": "1014/083755", "correlationVector":"63D8kaB/QEAVxWDja2pcBW.7","action":"GetUpdates", "result":"DeleteReceived", "context":{"id":"b28eef1c-03fb-4f9a-8845-6c8907188fd7", "isDeleted:":"true", "version":"1728673713304"}}
{"logTime": "1014/083755", "correlationVector":"63D8kaB/QEAVxWDja2pcBW.8","action":"GetUpdates", "result":"DeleteReceived", "context":{"id":"c4c628af-e4a1-4b4a-b10e-82d4773648e8", "isDeleted:":"true", "version":"1728810590974"}}
{"logTime": "1014/083755", "correlationVector":"63D8kaB/QEAVxWDja2pcBW.9","action":"GetUpdates", "result":"DeleteReceived", "context":{"id":"cacde8b2-be23-48d3-9448-74e8d953f8b7", "isDeleted:":"true", "version":"1728810590975"}}
{"logTime": "1014/083755", "correlationVector":"63D8kaB/QEAVxWDja2pcBW.10","action":"GetUpdates", "result":"DeleteReceived", "context":{"id":"d666c984-684c-4c34-862c-cabd094d3e9f", "isDeleted:":"true", "version":"1728810590976"}}
{"logTime": "1014/083755", "correlationVector":"63D8kaB/QEAVxWDja2pcBW.11","action":"GetUpdates", "result":"DeleteReceived", "context":{"id":"7b5873c5-c635-4a92-b4df-0f45e7322a09", "isDeleted:":"true", "version":"1728810590977"}}
{"logTime": "1014/083755", "correlationVector":"63D8kaB/QEAVxWDja2pcBW.12","action":"GetUpdates", "result":"DeleteReceived", "context":{"id":"ad21dca1-1e6d-40fe-8eac-7ed2504bc091", "isDeleted:":"true", "version":"1728810693493"}}
{"logTime": "1014/083755", "correlationVector":"63D8kaB/QEAVxWDja2pcBW.13","action":"GetUpdates", "result":"DeleteReceived", "context":{"id":"741ce970-dcae-479f-a8cc-6790a88c9e41", "isDeleted:":"true", "version":"1728810725508"}}
{"logTime": "1014/083755", "correlationVector":"63D8kaB/QEAVxWDja2pcBW.14","action":"GetUpdates", "result":"DeleteReceived", "context":{"id":"71b56b16-1833-4be1-9e8b-755d48a056b9", "isDeleted:":"true", "version":"1728811097970"}}
{"logTime": "1014/083755", "correlationVector":"63D8kaB/QEAVxWDja2pcBW.15","action":"GetUpdates", "result":"DeleteReceived", "context":{"id":"31512b2a-f60e-4a3e-9b62-fb8355806111", "isDeleted:":"true", "version":"1728811132436"}}
{"logTime": "1014/083755", "correlationVector":"63D8kaB/QEAVxWDja2pcBW.16","action":"GetUpdates", "result":"DeleteReceived", "context":{"id":"64dac8ae-0827-44d6-99b3-b24f4ffd2940", "isDeleted:":"true", "version":"1728815688660"}}
{"logTime": "1014/083755", "correlationVector":"63D8kaB/QEAVxWDja2pcBW.17","action":"GetUpdates", "result":"DeleteReceived", "context":{"id":"0eaae738-18ae-4ceb-acbf-5909e31aaafd", "isDeleted:":"true", "version":"1728815853974"}}
{"logTime": "1014/083755", "correlationVector":"63D8kaB/QEAVxWDja2pcBW.18","action":"GetUpdates", "result":"DeleteReceived", "context":{"id":"1a0fd765-2c34-4217-a68f-6b817e825b3d", "isDeleted:":"true", "version":"1728815891032"}}
{"logTime": "1014/083755", "correlationVector":"63D8kaB/QEAVxWDja2pcBW.19","action":"GetUpdates", "result":"DeleteReceived", "context":{"id":"394f5548-a8ec-45ad-9001-ac86e8f77947", "isDeleted:":"true", "version":"1728816030273"}}
{"logTime": "1014/083755", "correlationVector":"63D8kaB/QEAVxWDja2pcBW.20","action":"GetUpdates", "result":"DeleteReceived", "context":{"id":"39e46858-21c2-4173-bb9d-85ee9e340c5f", "isDeleted:":"true", "version":"1728816030276"}}
{"logTime": "1014/083755", "correlationVector":"63D8kaB/QEAVxWDja2pcBW.21","action":"GetUpdates", "result":"DeleteReceived", "context":{"id":"3abe4f7f-c223-42aa-80a5-bca070600db1", "isDeleted:":"true", "version":"1728816030277"}}
{"logTime": "1014/083755", "correlationVector":"63D8kaB/QEAVxWDja2pcBW.22","action":"GetUpdates", "result":"DeleteReceived", "context":{"id":"d2ae4477-b687-49ad-8a31-8f2d1f72669a", "isDeleted:":"true", "version":"1728816096779"}}
{"logTime": "1014/083755", "correlationVector":"63D8kaB/QEAVxWDja2pcBW.23","action":"GetUpdates", "result":"DeleteReceived", "context":{"id":"04c0b50a-0cbf-4133-90fa-646b812d825d", "isDeleted:":"true", "version":"1728820355175"}}
{"logTime": "1014/083755", "correlationVector":"63D8kaB/QEAVxWDja2pcBW.24","action":"GetUpdates", "result":"DeleteReceived", "context":{"id":"7ed7defb-1e4a-492b-ab05-a8708e191e38", "isDeleted:":"true", "version":"1728820355177"}}
{"logTime": "1014/083755", "correlationVector":"63D8kaB/QEAVxWDja2pcBW.25","action":"GetUpdates", "result":"DeleteReceived", "context":{"id":"7547d92a-aee7-4ef6-8db3-6c100c464300", "isDeleted:":"true", "version":"1728820355178"}}
{"logTime": "1014/083755", "correlationVector":"63D8kaB/QEAVxWDja2pcBW.26","action":"GetUpdates", "result":"DeleteReceived", "context":{"id":"88708cb7-bcd6-4e79-b40a-8f6365b7beea", "isDeleted:":"true", "version":"1728834709979"}}
{"logTime": "1014/083755", "correlationVector":"63D8kaB/QEAVxWDja2pcBW.27","action":"GetUpdates", "result":"DeleteReceived", "context":{"id":"0c9913e2-9c2f-482c-9db3-8ce65a4f8dd2", "isDeleted:":"true", "version":"1728845090576"}}
{"logTime": "1014/083755", "correlationVector":"63D8kaB/QEAVxWDja2pcBW.28","action":"GetUpdates", "result":"DeleteReceived", "context":{"id":"1e90ead3-3a28-454d-8c15-fea13e391297", "isDeleted:":"true", "version":"1728845121510"}}
{"logTime": "1014/083755", "correlationVector":"63D8kaB/QEAVxWDja2pcBW.29","action":"GetUpdates", "result":"DeleteReceived", "context":{"id":"833a8bb4-a629-4d16-b4b5-42b9652989e4", "isDeleted:":"true", "version":"1728846377629"}}
{"logTime": "1014/083755", "correlationVector":"63D8kaB/QEAVxWDja2pcBW.30","action":"GetUpdates", "result":"DeleteReceived", "context":{"id":"6cc895bf-bdfe-4443-ba61-9403ab492f6d", "isDeleted:":"true", "version":"1728846731604"}}
{"logTime": "1014/083755", "correlationVector":"63D8kaB/QEAVxWDja2pcBW.31","action":"GetUpdates", "result":"DeleteReceived", "context":{"id":"e8b8c9e0-21ce-4511-8815-03b46592f3c9", "isDeleted:":"true", "version":"1728846833938"}}
{"logTime": "1014/083755", "correlationVector":"63D8kaB/QEAVxWDja2pcBW.32","action":"GetUpdates", "result":"DeleteReceived", "context":{"id":"4eb9e80a-cf36-40ee-a858-a78a54772680", "isDeleted:":"true", "version":"1728847057611"}}
{"logTime": "1014/083755", "correlationVector":"63D8kaB/QEAVxWDja2pcBW.33","action":"GetUpdates", "result":"DeleteReceived", "context":{"id":"73d2dbdc-a2b4-464f-a359-01e7675e7be1", "isDeleted:":"true", "version":"1728889024529"}}
{"logTime": "1014/083755", "correlationVector":"63D8kaB/QEAVxWDja2pcBW.34","action":"GetUpdates", "result":"DeleteReceived", "context":{"id":"a8cedaae-31ba-4155-87d6-0a652c8ff18d", "isDeleted:":"true", "version":"1728889024531"}}
{"logTime": "1014/083755", "correlationVector":"63D8kaB/QEAVxWDja2pcBW.35","action":"GetUpdates", "result":"DeleteReceived", "context":{"id":"72bad688-5545-42f0-af11-dd6598b7472e", "isDeleted:":"true", "version":"1728889024532"}}
{"logTime": "1014/083755", "correlationVector":"63D8kaB/QEAVxWDja2pcBW.36","action":"GetUpdates", "result":"DeleteReceived", "context":{"id":"ee0c1a98-34dc-4a5f-a602-25761addb72b", "isDeleted:":"true", "version":"1728889024533"}}
{"logTime": "1014/083755", "correlationVector":"63D8kaB/QEAVxWDja2pcBW.37","action":"GetUpdates", "result":"DeleteReceived", "context":{"id":"24c42add-ea92-44c3-8fe1-68e31266c5c8", "isDeleted:":"true", "version":"1728889024534"}}
{"logTime": "1014/083755", "correlationVector":"63D8kaB/QEAVxWDja2pcBW.38","action":"GetUpdates", "result":"DeleteReceived", "context":{"id":"87f03a8e-bd49-48bf-8b45-91b57e5e2af2", "isDeleted:":"true", "version":"1728889024535"}}
{"logTime": "1014/083755", "correlationVector":"63D8kaB/QEAVxWDja2pcBW.39","action":"GetUpdates", "result":"DeleteReceived", "context":{"id":"06f118a1-9b46-4e1c-9d04-b7aa85b33a90", "isDeleted:":"true", "version":"1728889320483"}}
{"logTime": "1014/083755", "correlationVector":"63D8kaB/QEAVxWDja2pcBW.40","action":"GetUpdates", "result":"DeleteReceived", "context":{"id":"214067a7-fe7b-41c1-aae4-a77d55dc626a", "isDeleted:":"true", "version":"1728891749017"}}
{"logTime": "1014/083755", "correlationVector":"63D8kaB/QEAVxWDja2pcBW.41","action":"GetUpdates", "result":"DeleteReceived", "context":{"id":"2665e0d8-0bb8-40af-b8c2-a7c2681d605c", "isDeleted:":"true", "version":"1728891821277"}}
{"logTime": "1014/083755", "correlationVector":"63D8kaB/QEAVxWDja2pcBW.42","action":"GetUpdates", "result":"DeleteReceived", "context":{"id":"3d9dd5ae-fddc-4be9-adc4-1424995145ff", "isDeleted:":"true", "version":"1728893121543"}}
{"logTime": "1014/083755", "correlationVector":"63D8kaB/QEAVxWDja2pcBW.43","action":"GetUpdates", "result":"DeleteReceived", "context":{"id":"0b273803-5fba-486e-b2bc-4ef730daea20", "isDeleted:":"true", "version":"1728893514575"}}
{"logTime": "1014/083755", "correlationVector":"63D8kaB/QEAVxWDja2pcBW.44","action":"GetUpdates Response", "result":"Success", "context":Received 78 update(s). cV=63D8kaB/QEAVxWDja2pcBW.0;server=GENERAL03000019;cloudType=Consumer;environment=Prod_SoutheastAsia_000j;migrationStage=NotStarted}
{"logTime": "1014/083755", "correlationVector":"Y/JyFKNQsgygYHGtycNiKL","action":"Commit Request", "result":"", "context":Item count: 1
Contributing types: Sessions}
{"logTime": "1014/083755", "correlationVector":"Y/JyFKNQsgygYHGtycNiKL.1","action":"SyncServerConnectionManagerRequest", "result":"SYNC_SERVER_OK", "context":{"environment":"Prod_SoutheastAsia_000j", "migrationStage":"NotStarted", "server":"GENERAL03000026"}}
{"logTime": "1014/083755", "correlationVector":"Y/JyFKNQsgygYHGtycNiKL.2","action":"Commit Response", "result":"Success", "context":Result: Success. cV=Y/JyFKNQsgygYHGtycNiKL.0;server=GENERAL03000026;cloudType=Consumer;environment=Prod_SoutheastAsia_000j;migrationStage=NotStarted}
{"logTime": "1014/083755", "correlationVector":"WrOuZ4XsTMJvEeE8EoxzR3","action":"Normal GetUpdate request", "result":"", "context":cV=WrOuZ4XsTMJvEeE8EoxzR3
Nudged types: Sessions}
{"logTime": "1014/083756", "correlationVector":"WrOuZ4XsTMJvEeE8EoxzR3.1","action":"SyncServerConnectionManagerRequest", "result":"SYNC_SERVER_OK", "context":{"environment":"Prod_SoutheastAsia_000j", "migrationStage":"NotStarted", "server":"GENERAL0300000X"}}
{"logTime": "1014/083756", "correlationVector":"WrOuZ4XsTMJvEeE8EoxzR3.2","action":"GetUpdates Response", "result":"Success", "context":Received 1 update(s). cV=WrOuZ4XsTMJvEeE8EoxzR3.0;server=GENERAL0300000X;cloudType=Consumer;environment=Prod_SoutheastAsia_000j;migrationStage=NotStarted}
{"logTime": "1014/083756", "correlationVector":"m6dq9D4gYXAkhUnveiDXFI","action":"Poll GetUpdate request", "result":"", "context":cV=m6dq9D4gYXAkhUnveiDXFI}
{"logTime": "1014/083756", "correlationVector":"m6dq9D4gYXAkhUnveiDXFI.1","action":"SyncServerConnectionManagerRequest", "result":"SYNC_SERVER_OK", "context":{"environment":"Prod_SoutheastAsia_000j", "migrationStage":"NotStarted", "server":"GENERAL01000010"}}
{"logTime": "1014/083756", "correlationVector":"m6dq9D4gYXAkhUnveiDXFI.2","action":"GetUpdates Response", "result":"Success", "context":Received 0 update(s). cV=m6dq9D4gYXAkhUnveiDXFI.0;server=GENERAL01000010;cloudType=Consumer;environment=Prod_SoutheastAsia_000j;migrationStage=NotStarted}
{"logTime": "1014/103249", "correlationVector":"GCP6eNmILJdX7VgwgWmDQS.1","action":"SyncServerConnectionManagerRequest", "result":"SYNC_SERVER_OK", "context":{"environment":"Prod_SoutheastAsia_000j", "migrationStage":"NotStarted", "server":"GENERAL0100000U"}}
{"logTime": "1014/103249", "correlationVector":"2SCGbWJKG2SdnyKhXU/ZqU","action":"SyncServerConnectionManagerRequest", "result":"SYNC_SERVER_OK", "context":{"environment":"", "migrationStage":"", "server":""}}
{"logTime": "1014/103249", "correlationVector":"GCP6eNmILJdX7VgwgWmDQS","action":"Initial GetUpdates", "result":"", "context":Reason: NEW_CLIENT. cV=GCP6eNmILJdX7VgwgWmDQS}
{"logTime": "1014/103249", "correlationVector":"GCP6eNmILJdX7VgwgWmDQS.2","action":"GetUpdates Response", "result":"Success", "context":Received 1 update(s). cV=GCP6eNmILJdX7VgwgWmDQS.0;server=GENERAL0100000U;cloudType=Consumer;environment=Prod_SoutheastAsia_000j;migrationStage=NotStarted}
{"logTime": "1014/103249", "correlationVector":"0bF2CIDJ01fGCGaICUtt/s","action":"Initial GetUpdates", "result":"", "context":Reason: NEWLY_SUPPORTED_DATATYPE. cV=0bF2CIDJ01fGCGaICUtt/s}
{"logTime": "1017/113405", "correlationVector":"t3oObiN+q8L+hhf6xabx61.1","action":"SyncServerConnectionManagerRequest", "result":"SYNC_SERVER_OK", "context":{"environment":"Prod_SoutheastAsia_000j", "migrationStage":"NotStarted", "server":"GENERAL0100000Q"}}
{"logTime": "1017/113406", "correlationVector":"1/1dE/09mx+rqor43Z8VFn","action":"SyncServerConnectionManagerRequest", "result":"SYNC_SERVER_OK", "context":{"environment":"", "migrationStage":"", "server":""}}
{"logTime": "1017/113406", "correlationVector":"t3oObiN+q8L+hhf6xabx61","action":"Initial GetUpdates", "result":"", "context":Reason: NEW_CLIENT. cV=t3oObiN+q8L+hhf6xabx61}
{"logTime": "1017/113406", "correlationVector":"t3oObiN+q8L+hhf6xabx61.2","action":"GetUpdates Response", "result":"Success", "context":Received 1 update(s). cV=t3oObiN+q8L+hhf6xabx61.0;server=GENERAL0100000Q;cloudType=Consumer;environment=Prod_SoutheastAsia_000j;migrationStage=NotStarted}
{"logTime": "1017/113406", "correlationVector":"v/AccUqb11iz7qdx0XSxEX","action":"Initial GetUpdates", "result":"", "context":Reason: NEWLY_SUPPORTED_DATATYPE. cV=v/AccUqb11iz7qdx0XSxEX}
{"logTime": "1017/113407", "correlationVector":"v/AccUqb11iz7qdx0XSxEX.1","action":"SyncServerConnectionManagerRequest", "result":"SYNC_SERVER_OK", "context":{"environment":"Prod_SoutheastAsia_000j", "migrationStage":"NotStarted", "server":"GENERAL0300000E"}}
{"logTime": "1017/113407", "correlationVector":"v/AccUqb11iz7qdx0XSxEX.2","action":"GetUpdates", "result":"DeleteReceived", "context":{"id":"0ea57b31-381b-4d9d-ac5c-c1014d26ad81", "isDeleted:":"true", "version":"1706442641176"}}
{"logTime": "1017/113407", "correlationVector":"v/AccUqb11iz7qdx0XSxEX.3","action":"GetUpdates", "result":"DeleteReceived", "context":{"id":"f489036d-42cb-411e-873f-3ea0d82ef452", "isDeleted:":"true", "version":"1714087189824"}}
{"logTime": "1017/113407", "correlationVector":"v/AccUqb11iz7qdx0XSxEX.4","action":"GetUpdates", "result":"DeleteReceived", "context":{"id":"0e0b0659-3a18-4e60-ab10-ec1b938ec12f", "isDeleted:":"true", "version":"1714087192894"}}
{"logTime": "1017/113407", "correlationVector":"v/AccUqb11iz7qdx0XSxEX.5","action":"GetUpdates", "result":"DeleteReceived", "context":{"id":"d82447c1-123b-4178-be82-485ce02d6d75", "isDeleted:":"true", "version":"1714087195475"}}
{"logTime": "1017/113407", "correlationVector":"v/AccUqb11iz7qdx0XSxEX.6","action":"GetUpdates", "result":"DeleteReceived", "context":{"id":"c75d3af1-d3d4-46e3-8cc1-bf5e4be90a9b", "isDeleted:":"true", "version":"1714087195497"}}
{"logTime": "1017/113407", "correlationVector":"v/AccUqb11iz7qdx0XSxEX.7","action":"GetUpdates", "result":"DeleteReceived", "context":{"id":"dd35a364-be88-4f28-bea6-308525f54b7b", "isDeleted:":"true", "version":"1724618492882"}}
{"logTime": "1017/113407", "correlationVector":"v/AccUqb11iz7qdx0XSxEX.8","action":"GetUpdates", "result":"DeleteReceived", "context":{"id":"056f179b-2521-4ad7-a071-c6a98996143b", "isDeleted:":"true", "version":"1727483886667"}}
{"logTime": "1017/113407", "correlationVector":"v/AccUqb11iz7qdx0XSxEX.9","action":"GetUpdates", "result":"DeleteReceived", "context":{"id":"648c25e6-a755-4adf-b396-ab10f387c202", "isDeleted:":"true", "version":"1727483886669"}}
{"logTime": "1017/113407", "correlationVector":"v/AccUqb11iz7qdx0XSxEX.10","action":"GetUpdates", "result":"DeleteReceived", "context":{"id":"2363b098-5812-4371-81e4-0db585bbe3cf", "isDeleted:":"true", "version":"1727483886671"}}
{"logTime": "1017/113407", "correlationVector":"v/AccUqb11iz7qdx0XSxEX.11","action":"GetUpdates", "result":"DeleteReceived", "context":{"id":"eb10fc04-8b2a-4f4b-b88d-d449fb94b314", "isDeleted:":"true", "version":"1727483886674"}}
{"logTime": "1017/113407", "correlationVector":"v/AccUqb11iz7qdx0XSxEX.12","action":"GetUpdates", "result":"DeleteReceived", "context":{"id":"d6436467-cb1d-4a83-ae3b-393c87506635", "isDeleted:":"true", "version":"1727483886676"}}
{"logTime": "1017/113407", "correlationVector":"v/AccUqb11iz7qdx0XSxEX.13","action":"GetUpdates", "result":"DeleteReceived", "context":{"id":"6c3029af-0ade-4713-903f-eec8dfe8bb71", "isDeleted:":"true", "version":"1727483886677"}}
{"logTime": "1017/113407", "correlationVector":"v/AccUqb11iz7qdx0XSxEX.14","action":"GetUpdates", "result":"DeleteReceived", "context":{"id":"0b7b7f9a-eea1-4a9c-8965-7051191b2467", "isDeleted:":"true", "version":"1727483886678"}}
{"logTime": "1017/113407", "correlationVector":"v/AccUqb11iz7qdx0XSxEX.15","action":"GetUpdates", "result":"DeleteReceived", "context":{"id":"af4089d7-8fac-4128-a4ba-1e0409c3457f", "isDeleted:":"true", "version":"1727483886680"}}
{"logTime": "1017/113407", "correlationVector":"v/AccUqb11iz7qdx0XSxEX.16","action":"GetUpdates", "result":"DeleteReceived", "context":{"id":"081366d8-95fb-4c8c-b9e4-9282bdf8c404", "isDeleted:":"true", "version":"1727483886682"}}
{"logTime": "1017/113407", "correlationVector":"v/AccUqb11iz7qdx0XSxEX.17","action":"GetUpdates", "result":"DeleteReceived", "context":{"id":"cc341d4c-bcfe-4836-b49e-05dbbb4bc554", "isDeleted:":"true", "version":"1727483886683"}}
{"logTime": "1017/113407", "correlationVector":"v/AccUqb11iz7qdx0XSxEX.18","action":"GetUpdates", "result":"DeleteReceived", "context":{"id":"ca1e358c-184f-4d26-9766-05fc0fcfb746", "isDeleted:":"true", "version":"1727483886684"}}
{"logTime": "1017/113407", "correlationVector":"v/AccUqb11iz7qdx0XSxEX.19","action":"GetUpdates", "result":"DeleteReceived", "context":{"id":"189f364e-3e6f-4a42-bf8d-fa11bf639fe4", "isDeleted:":"true", "version":"1727483886693"}}
{"logTime": "1017/113407", "correlationVector":"v/AccUqb11iz7qdx0XSxEX.20","action":"GetUpdates", "result":"DeleteReceived", "context":{"id":"f9fb8125-893f-4429-8a35-d1244712bc0e", "isDeleted:":"true", "version":"1727483886694"}}
{"logTime": "1017/113407", "correlationVector":"v/AccUqb11iz7qdx0XSxEX.21","action":"GetUpdates", "result":"DeleteReceived", "context":{"id":"c7294f7a-1e28-4452-a931-f36600228e85", "isDeleted:":"true", "version":"1727483886700"}}
{"logTime": "1017/113407", "correlationVector":"v/AccUqb11iz7qdx0XSxEX.22","action":"GetUpdates", "result":"DeleteReceived", "context":{"id":"2333b779-0652-4eb7-9740-05aef4255a51", "isDeleted:":"true", "version":"1727483886701"}}
{"logTime": "1017/113407", "correlationVector":"v/AccUqb11iz7qdx0XSxEX.23","action":"GetUpdates", "result":"DeleteReceived", "context":{"id":"d1ff947e-b7ae-4f23-9a92-7b6ba0e60e5c", "isDeleted:":"true", "version":"1727483886703"}}
{"logTime": "1017/113407", "correlationVector":"v/AccUqb11iz7qdx0XSxEX.24","action":"GetUpdates", "result":"DeleteReceived", "context":{"id":"05ec46fa-33d6-4e46-80b1-cd14befdd8d1", "isDeleted:":"true", "version":"1727483886704"}}
{"logTime": "1017/113407", "correlationVector":"v/AccUqb11iz7qdx0XSxEX.25","action":"GetUpdates", "result":"DeleteReceived", "context":{"id":"7f64cbc4-4988-4add-944e-8cfd3c796b5f", "isDeleted:":"true", "version":"1727483889869"}}
{"logTime": "1017/113407", "correlationVector":"v/AccUqb11iz7qdx0XSxEX.26","action":"GetUpdates", "result":"DeleteReceived", "context":{"id":"4d6f5444-849a-4545-9384-bee5e0bd5028", "isDeleted:":"true", "version":"1727483889872"}}
{"logTime": "1017/113407", "correlationVector":"v/AccUqb11iz7qdx0XSxEX.27","action":"GetUpdates", "result":"DeleteReceived", "context":{"id":"8bbf50de-837e-42db-afbb-3e8685a1b614", "isDeleted:":"true", "version":"1727483889876"}}
{"logTime": "1017/113407", "correlationVector":"v/AccUqb11iz7qdx0XSxEX.28","action":"GetUpdates", "result":"DeleteReceived", "context":{"id":"14b5c725-7661-408b-ab3b-634f4732d2fe", "isDeleted:":"true", "version":"1727483889877"}}
{"logTime": "1017/113407", "correlationVector":"v/AccUqb11iz7qdx0XSxEX.29","action":"GetUpdates", "result":"DeleteReceived", "context":{"id":"41632a5b-642c-4438-9320-a07cbf869298", "isDeleted:":"true", "version":"1727483889884"}}
{"logTime": "1017/113407", "correlationVector":"v/AccUqb11iz7qdx0XSxEX.30","action":"GetUpdates", "result":"DeleteReceived", "context":{"id":"93c0d1ba-1186-4147-8dc9-14408077ec72", "isDeleted:":"true", "version":"1727483889885"}}
{"logTime": "1017/113407", "correlationVector":"v/AccUqb11iz7qdx0XSxEX.31","action":"GetUpdates", "result":"DeleteReceived", "context":{"id":"7a16480e-bb76-44cc-acfe-7f15d4d8e521", "isDeleted:":"true", "version":"1727483889896"}}
{"logTime": "1017/113407", "correlationVector":"v/AccUqb11iz7qdx0XSxEX.32","action":"GetUpdates", "result":"DeleteReceived", "context":{"id":"1cff5d48-4baa-4896-95cd-61b27fe4f6e8", "isDeleted:":"true", "version":"1727483889897"}}
{"logTime": "1017/113407", "correlationVector":"v/AccUqb11iz7qdx0XSxEX.33","action":"GetUpdates", "result":"DeleteReceived", "context":{"id":"30d8a0ed-79c2-46b3-b6e0-2326e9330fee", "isDeleted:":"true", "version":"1727483889900"}}
{"logTime": "1017/113407", "correlationVector":"v/AccUqb11iz7qdx0XSxEX.34","action":"GetUpdates", "result":"DeleteReceived", "context":{"id":"9222a3f4-ecf3-4e7f-8f3d-c32601f5ba99", "isDeleted:":"true", "version":"1727483889901"}}
{"logTime": "1017/113407", "correlationVector":"v/AccUqb11iz7qdx0XSxEX.35","action":"GetUpdates", "result":"DeleteReceived", "context":{"id":"71afaf0e-4848-40a5-b64f-cce7f09551ba", "isDeleted:":"true", "version":"1727483889904"}}
{"logTime": "1017/113407", "correlationVector":"v/AccUqb11iz7qdx0XSxEX.36","action":"GetUpdates", "result":"DeleteReceived", "context":{"id":"8b43e9dc-c2f5-4f60-a226-bcfdaecbcef0", "isDeleted:":"true", "version":"1727483893075"}}
{"logTime": "1017/113407", "correlationVector":"v/AccUqb11iz7qdx0XSxEX.37","action":"GetUpdates", "result":"DeleteReceived", "context":{"id":"2403c1f7-8227-42ab-84c6-2e48c7ef3c0d", "isDeleted:":"true", "version":"1727483893076"}}
{"logTime": "1017/113407", "correlationVector":"v/AccUqb11iz7qdx0XSxEX.38","action":"GetUpdates", "result":"DeleteReceived", "context":{"id":"ac9281d6-398d-436d-af3f-2f4cc927aa0f", "isDeleted:":"true", "version":"1727483893077"}}
{"logTime": "1017/113407", "correlationVector":"v/AccUqb11iz7qdx0XSxEX.39","action":"GetUpdates", "result":"DeleteReceived", "context":{"id":"35ea8f9c-d35b-45a8-8343-1e4598a560ce", "isDeleted:":"true", "version":"1727483893079"}}
{"logTime": "1017/113407", "correlationVector":"v/AccUqb11iz7qdx0XSxEX.40","action":"GetUpdates", "result":"DeleteReceived", "context":{"id":"ebe41000-09ff-43ee-a99e-21343ce6cde2", "isDeleted:":"true", "version":"1727483893081"}}
{"logTime": "1017/113407", "correlationVector":"v/AccUqb11iz7qdx0XSxEX.41","action":"GetUpdates", "result":"DeleteReceived", "context":{"id":"b326aab6-15e3-4965-b461-4fe856a8ff6f", "isDeleted:":"true", "version":"1727483893086"}}
{"logTime": "1017/113407", "correlationVector":"v/AccUqb11iz7qdx0XSxEX.42","action":"GetUpdates", "result":"DeleteReceived", "context":{"id":"f44fe50e-285b-43a5-93c2-5d221f0ff216", "isDeleted:":"true", "version":"1727483893088"}}
{"logTime": "1017/113407", "correlationVector":"v/AccUqb11iz7qdx0XSxEX.43","action":"GetUpdates", "result":"DeleteReceived", "context":{"id":"165550d9-0d8e-4136-9905-e788c8d435fc", "isDeleted:":"true", "version":"1727483893089"}}
{"logTime": "1017/113407", "correlationVector":"v/AccUqb11iz7qdx0XSxEX.44","action":"GetUpdates", "result":"DeleteReceived", "context":{"id":"f57ad439-0233-482b-a75f-207f107d1784", "isDeleted:":"true", "version":"1727483893090"}}
{"logTime": "1017/113407", "correlationVector":"v/AccUqb11iz7qdx0XSxEX.45","action":"GetUpdates", "result":"DeleteReceived", "context":{"id":"2e4edaad-2bc8-41a8-955b-add54cb4daf6", "isDeleted:":"true", "version":"1727483893092"}}
{"logTime": "1017/113407", "correlationVector":"v/AccUqb11iz7qdx0XSxEX.46","action":"GetUpdates", "result":"DeleteReceived", "context":{"id":"d109893d-9ddb-428f-97b6-81a8613b9e1e", "isDeleted:":"true", "version":"1727483893094"}}
{"logTime": "1017/113407", "correlationVector":"v/AccUqb11iz7qdx0XSxEX.47","action":"GetUpdates", "result":"DeleteReceived", "context":{"id":"807b7a7b-3633-42bb-8d97-f0b577f0ce65", "isDeleted:":"true", "version":"1727483893098"}}
{"logTime": "1017/113407", "correlationVector":"v/AccUqb11iz7qdx0XSxEX.48","action":"GetUpdates", "result":"DeleteReceived", "context":{"id":"fa8be524-1513-4bd1-8e74-8d6281eaeb9d", "isDeleted:":"true", "version":"1727483893099"}}
{"logTime": "1017/113407", "correlationVector":"v/AccUqb11iz7qdx0XSxEX.49","action":"GetUpdates", "result":"DeleteReceived", "context":{"id":"ee715456-11b6-4bed-9b9c-e3e9beaaac76", "isDeleted:":"true", "version":"1727483893107"}}
{"logTime": "1017/113407", "correlationVector":"v/AccUqb11iz7qdx0XSxEX.50","action":"GetUpdates", "result":"DeleteReceived", "context":{"id":"3c02e48d-83fa-4c45-8e68-581723e29f05", "isDeleted:":"true", "version":"1727483893109"}}
{"logTime": "1017/113407", "correlationVector":"v/AccUqb11iz7qdx0XSxEX.51","action":"GetUpdates", "result":"DeleteReceived", "context":{"id":"768969f6-a377-4291-af9b-631465848dd5", "isDeleted:":"true", "version":"1727483893110"}}
{"logTime": "1017/113407", "correlationVector":"v/AccUqb11iz7qdx0XSxEX.52","action":"GetUpdates", "result":"DeleteReceived", "context":{"id":"b3d17d66-4521-427c-a411-49b7c952aabc", "isDeleted:":"true", "version":"1727483896057"}}
{"logTime": "1017/113407", "correlationVector":"v/AccUqb11iz7qdx0XSxEX.53","action":"GetUpdates", "result":"DeleteReceived", "context":{"id":"77bb1f06-ccbd-4977-8bf9-fe78f18ae2c8", "isDeleted:":"true", "version":"1727483896059"}}
{"logTime": "1017/113407", "correlationVector":"v/AccUqb11iz7qdx0XSxEX.54","action":"GetUpdates", "result":"DeleteReceived", "context":{"id":"0aa4a3ff-1022-47de-bb75-284902bbab2d", "isDeleted:":"true", "version":"1727483896062"}}
{"logTime": "1017/113407", "correlationVector":"v/AccUqb11iz7qdx0XSxEX.55","action":"GetUpdates", "result":"DeleteReceived", "context":{"id":"50fced51-c53c-41ad-974b-f258ff129e9b", "isDeleted:":"true", "version":"1727483896064"}}
{"logTime": "1017/113407", "correlationVector":"v/AccUqb11iz7qdx0XSxEX.56","action":"GetUpdates", "result":"DeleteReceived", "context":{"id":"3ff68ae1-f0fb-4e10-ab62-5d3aaa43d47c", "isDeleted:":"true", "version":"1727483896066"}}
{"logTime": "1017/113407", "correlationVector":"v/AccUqb11iz7qdx0XSxEX.57","action":"GetUpdates", "result":"DeleteReceived", "context":{"id":"33527fe5-2e27-4a16-bb44-759498f8fb26", "isDeleted:":"true", "version":"1727483896068"}}
{"logTime": "1017/113407", "correlationVector":"v/AccUqb11iz7qdx0XSxEX.58","action":"GetUpdates", "result":"DeleteReceived", "context":{"id":"a1aecbd9-6a55-450d-bb29-3122738b55c2", "isDeleted:":"true", "version":"1727483896071"}}
{"logTime": "1017/113407", "correlationVector":"v/AccUqb11iz7qdx0XSxEX.59","action":"GetUpdates", "result":"DeleteReceived", "context":{"id":"479555c4-43b9-42e1-a97c-de72a2e7d6b0", "isDeleted:":"true", "version":"1727483896072"}}
{"logTime": "1017/113407", "correlationVector":"v/AccUqb11iz7qdx0XSxEX.60","action":"GetUpdates", "result":"DeleteReceived", "context":{"id":"655f375c-63a1-4346-85f4-e065381a4188", "isDeleted:":"true", "version":"1727483896073"}}
{"logTime": "1017/113407", "correlationVector":"v/AccUqb11iz7qdx0XSxEX.61","action":"GetUpdates", "result":"DeleteReceived", "context":{"id":"b06d195f-1955-4e81-b988-3b67ee78df37", "isDeleted:":"true", "version":"1727483896075"}}
{"logTime": "1017/113407", "correlationVector":"v/AccUqb11iz7qdx0XSxEX.62","action":"GetUpdates", "result":"DeleteReceived", "context":{"id":"8c072905-04b4-466c-8e92-f5579fe50798", "isDeleted:":"true", "version":"1727483896078"}}
{"logTime": "1017/113407", "correlationVector":"v/AccUqb11iz7qdx0XSxEX.63","action":"GetUpdates", "result":"DeleteReceived", "context":{"id":"1230566e-ce54-4105-a0ba-1ff602c5876b", "isDeleted:":"true", "version":"1727483896080"}}
{"logTime": "1017/113407", "correlationVector":"v/AccUqb11iz7qdx0XSxEX.64","action":"GetUpdates", "result":"DeleteReceived", "context":{"id":"1b3e837f-16a4-48c5-8271-d2236c4cafc0", "isDeleted:":"true", "version":"1727483896082"}}
{"logTime": "1017/113407", "correlationVector":"v/AccUqb11iz7qdx0XSxEX.65","action":"GetUpdates", "result":"DeleteReceived", "context":{"id":"cf54ce03-45a0-4e6e-be12-6754a2ce3bd0", "isDeleted:":"true", "version":"1727483896083"}}
{"logTime": "1017/113407", "correlationVector":"v/AccUqb11iz7qdx0XSxEX.66","action":"GetUpdates", "result":"DeleteReceived", "context":{"id":"7f9c2fea-0223-4d36-9bc3-fc50354250ef", "isDeleted:":"true", "version":"1727483896086"}}
{"logTime": "1017/113407", "correlationVector":"v/AccUqb11iz7qdx0XSxEX.67","action":"GetUpdates", "result":"DeleteReceived", "context":{"id":"653c2f31-7748-496b-8be1-3a6572978d08", "isDeleted:":"true", "version":"1727483896087"}}
{"logTime": "1017/113407", "correlationVector":"v/AccUqb11iz7qdx0XSxEX.68","action":"GetUpdates", "result":"DeleteReceived", "context":{"id":"ef76acaa-12f9-433a-8083-374a558d0481", "isDeleted:":"true", "version":"1727483896088"}}
{"logTime": "1017/113407", "correlationVector":"v/AccUqb11iz7qdx0XSxEX.69","action":"GetUpdates", "result":"DeleteReceived", "context":{"id":"dae12788-5a54-4189-a580-62f8b7ac4dd1", "isDeleted:":"true", "version":"1727483896089"}}
{"logTime": "1017/113407", "correlationVector":"v/AccUqb11iz7qdx0XSxEX.70","action":"GetUpdates", "result":"DeleteReceived", "context":{"id":"fab04599-7c7b-4f2c-804c-8893a2892efe", "isDeleted:":"true", "version":"1727483896091"}}
{"logTime": "1017/113407", "correlationVector":"v/AccUqb11iz7qdx0XSxEX.71","action":"GetUpdates", "result":"DeleteReceived", "context":{"id":"afa9f420-da19-4fef-a094-b2048a489d55", "isDeleted:":"true", "version":"1727483896092"}}
{"logTime": "1017/113407", "correlationVector":"v/AccUqb11iz7qdx0XSxEX.72","action":"GetUpdates", "result":"DeleteReceived", "context":{"id":"4a87f4bc-8053-44c4-a8c2-7c0b602fb21e", "isDeleted:":"true", "version":"1727483898996"}}
{"logTime": "1017/113407", "correlationVector":"v/AccUqb11iz7qdx0XSxEX.73","action":"GetUpdates", "result":"DeleteReceived", "context":{"id":"1d7c8235-f9ff-4f0f-9f69-34950fca441b", "isDeleted:":"true", "version":"1727483899000"}}
{"logTime": "1017/113407", "correlationVector":"v/AccUqb11iz7qdx0XSxEX.74","action":"GetUpdates", "result":"DeleteReceived", "context":{"id":"17ab314d-8457-4b8f-8714-fab4488c7881", "isDeleted:":"true", "version":"1727483899002"}}
{"logTime": "1017/113407", "correlationVector":"v/AccUqb11iz7qdx0XSxEX.75","action":"GetUpdates", "result":"DeleteReceived", "context":{"id":"1dfe5972-c038-4a88-9bbb-55f9fb695101", "isDeleted:":"true", "version":"1727483899005"}}
{"logTime": "1017/113407", "correlationVector":"v/AccUqb11iz7qdx0XSxEX.76","action":"GetUpdates", "result":"DeleteReceived", "context":{"id":"705b3f46-70b2-49ed-932a-36c1c4beaff1", "isDeleted:":"true", "version":"1727483899006"}}
{"logTime": "1017/113407", "correlationVector":"v/AccUqb11iz7qdx0XSxEX.77","action":"GetUpdates", "result":"DeleteReceived", "context":{"id":"a9896966-bd8e-48f1-9fb5-82f02df77ac3", "isDeleted:":"true", "version":"1727483899008"}}
{"logTime": "1017/113407", "correlationVector":"v/AccUqb11iz7qdx0XSxEX.78","action":"GetUpdates", "result":"DeleteReceived", "context":{"id":"008253b2-7fa2-4fb7-b255-ca7ca8837706", "isDeleted:":"true", "version":"1727483899010"}}
{"logTime": "1017/113407", "correlationVector":"v/AccUqb11iz7qdx0XSxEX.79","action":"GetUpdates", "result":"DeleteReceived", "context":{"id":"b210626e-da00-4a55-bbcd-a0220a4292f3", "isDeleted:":"true", "version":"1727483899013"}}
{"logTime": "1017/113407", "correlationVector":"v/AccUqb11iz7qdx0XSxEX.80","action":"GetUpdates Response", "result":"Success", "context":Received 250 update(s). cV=v/AccUqb11iz7qdx0XSxEX.0;server=GENERAL0300000E;cloudType=Consumer;environment=Prod_SoutheastAsia_000j;migrationStage=NotStarted Some updates remain.}
{"logTime": "1017/113407", "correlationVector":"m423XRtWExoLJ4T7aJFRtE","action":"Initial GetUpdates", "result":"", "context":Reason: NEWLY_SUPPORTED_DATATYPE. cV=m423XRtWExoLJ4T7aJFRtE}
{"logTime": "1017/113408", "correlationVector":"m423XRtWExoLJ4T7aJFRtE.1","action":"SyncServerConnectionManagerRequest", "result":"SYNC_SERVER_OK", "context":{"environment":"Prod_SoutheastAsia_000j", "migrationStage":"NotStarted", "server":"GENERAL01000013"}}
{"logTime": "1017/113408", "correlationVector":"m423XRtWExoLJ4T7aJFRtE.2","action":"GetUpdates Response", "result":"Success", "context":Received 51 update(s). cV=m423XRtWExoLJ4T7aJFRtE.0;server=GENERAL01000013;cloudType=Consumer;environment=Prod_SoutheastAsia_000j;migrationStage=NotStarted}
{"logTime": "1017/113411", "correlationVector":"K1VGL+ssoNQhf2LM138fhv","action":"Normal GetUpdate request", "result":"", "context":cV=K1VGL+ssoNQhf2LM138fhv
Nudged types: Sessions, Device Info
Refresh requested types: Bookmarks, Preferences, Passwords, Autofill Profiles, Autofill, Typed URLs, Extensions, Sessions, Extension settings, History Delete Directives, Device Info, User Consents, Send Tab To Self, Web Apps, Collection, Edge E Drop, Edge Hub App Usage, Edge Tab Group, Edge Wallet, Encryption Keys}
{"logTime": "1017/113413", "correlationVector":"K1VGL+ssoNQhf2LM138fhv.1","action":"SyncServerConnectionManagerRequest", "result":"SYNC_SERVER_OK", "context":{"environment":"Prod_SoutheastAsia_000j", "migrationStage":"NotStarted", "server":"GENERAL0300002Z"}}
{"logTime": "1017/113413", "correlationVector":"K1VGL+ssoNQhf2LM138fhv.2","action":"GetUpdates", "result":"DeleteReceived", "context":{"id":"e15f465c-e376-4b3b-8a85-483708a8d0d9", "isDeleted:":"true", "version":"1728902470535"}}
{"logTime": "1017/113413", "correlationVector":"K1VGL+ssoNQhf2LM138fhv.3","action":"GetUpdates", "result":"DeleteReceived", "context":{"id":"962bfd9c-e5b7-4b3c-9eda-cdb25f40cd80", "isDeleted:":"true", "version":"1728902470536"}}
{"logTime": "1017/113413", "correlationVector":"K1VGL+ssoNQhf2LM138fhv.4","action":"GetUpdates", "result":"DeleteReceived", "context":{"id":"1cd64f81-9b4e-4a03-a179-1ea14f6009cc", "isDeleted:":"true", "version":"1728902470538"}}
{"logTime": "1017/113413", "correlationVector":"K1VGL+ssoNQhf2LM138fhv.5","action":"GetUpdates", "result":"DeleteReceived", "context":{"id":"8aca8136-131a-445b-891a-832a7105a27f", "isDeleted:":"true", "version":"1728913165880"}}
{"logTime": "1017/113413", "correlationVector":"K1VGL+ssoNQhf2LM138fhv.6","action":"GetUpdates", "result":"DeleteReceived", "context":{"id":"85a063a2-04e5-4596-b6a5-15cdd7afb809", "isDeleted:":"true", "version":"1728913165881"}}
{"logTime": "1017/113413", "correlationVector":"K1VGL+ssoNQhf2LM138fhv.7","action":"GetUpdates", "result":"DeleteReceived", "context":{"id":"2a0ab918-2fa8-4cda-bf81-dd5da864d05a", "isDeleted:":"true", "version":"1728913165883"}}
{"logTime": "1017/113413", "correlationVector":"K1VGL+ssoNQhf2LM138fhv.8","action":"GetUpdates", "result":"DeleteReceived", "context":{"id":"c14fcc22-5f4d-4f19-be06-0051fe54a8a4", "isDeleted:":"true", "version":"1728913165884"}}
{"logTime": "1017/113413", "correlationVector":"K1VGL+ssoNQhf2LM138fhv.9","action":"GetUpdates", "result":"DeleteReceived", "context":{"id":"5fdbd933-5a18-4bc4-9cf7-dc8ca9ae65a8", "isDeleted:":"true", "version":"1728913165885"}}
{"logTime": "1017/113413", "correlationVector":"K1VGL+ssoNQhf2LM138fhv.10","action":"GetUpdates", "result":"DeleteReceived", "context":{"id":"ce1e1190-cd9f-4f95-8b12-f97fcbad967a", "isDeleted:":"true", "version":"1728914433008"}}
{"logTime": "1017/113413", "correlationVector":"K1VGL+ssoNQhf2LM138fhv.11","action":"GetUpdates", "result":"DeleteReceived", "context":{"id":"278d89e2-f6ea-429a-bc35-4640aa94f605", "isDeleted:":"true", "version":"1728914433010"}}
{"logTime": "1017/113413", "correlationVector":"K1VGL+ssoNQhf2LM138fhv.12","action":"GetUpdates", "result":"DeleteReceived", "context":{"id":"c11a2921-b29c-4d3a-843d-edfa13be16f8", "isDeleted:":"true", "version":"1728914433012"}}
{"logTime": "1017/113413", "correlationVector":"K1VGL+ssoNQhf2LM138fhv.13","action":"GetUpdates", "result":"DeleteReceived", "context":{"id":"20a6a45e-8580-480c-901a-8bc3496c5cb8", "isDeleted:":"true", "version":"1728914483101"}}
{"logTime": "1017/113413", "correlationVector":"K1VGL+ssoNQhf2LM138fhv.14","action":"GetUpdates", "result":"DeleteReceived", "context":{"id":"2682e6e4-9230-41e8-b48c-673499dcd8b8", "isDeleted:":"true", "version":"1728914483102"}}
{"logTime": "1017/113413", "correlationVector":"K1VGL+ssoNQhf2LM138fhv.15","action":"GetUpdates", "result":"DeleteReceived", "context":{"id":"723359be-f228-4d04-ad28-14d4c2977ae0", "isDeleted:":"true", "version":"1728924086043"}}
{"logTime": "1017/113413", "correlationVector":"K1VGL+ssoNQhf2LM138fhv.16","action":"GetUpdates", "result":"DeleteReceived", "context":{"id":"eedf2e74-c2cb-4949-817d-367da84dfcdb", "isDeleted:":"true", "version":"1728924188497"}}
{"logTime": "1017/113413", "correlationVector":"K1VGL+ssoNQhf2LM138fhv.17","action":"GetUpdates", "result":"DeleteReceived", "context":{"id":"e2d1bf77-758b-4c5a-937b-989a356efb28", "isDeleted:":"true", "version":"1728926967489"}}
{"logTime": "1017/113413", "correlationVector":"K1VGL+ssoNQhf2LM138fhv.18","action":"GetUpdates", "result":"DeleteReceived", "context":{"id":"03fd065f-04d4-4a7b-a7d1-2bc7de9e98e6", "isDeleted:":"true", "version":"1728931232205"}}
{"logTime": "1017/113413", "correlationVector":"K1VGL+ssoNQhf2LM138fhv.19","action":"GetUpdates", "result":"DeleteReceived", "context":{"id":"65219aca-cef6-4a4b-bbda-1a2f5cf46ff9", "isDeleted:":"true", "version":"1728963201797"}}
{"logTime": "1017/113413", "correlationVector":"K1VGL+ssoNQhf2LM138fhv.20","action":"GetUpdates", "result":"DeleteReceived", "context":{"id":"638fd264-cdc5-450d-9706-4c4729b6a3e0", "isDeleted:":"true", "version":"1728963418942"}}
{"logTime": "1017/113413", "correlationVector":"K1VGL+ssoNQhf2LM138fhv.21","action":"GetUpdates", "result":"DeleteReceived", "context":{"id":"a8853050-be7e-47db-b6cc-a67ad8d37be1", "isDeleted:":"true", "version":"1728964522086"}}
{"logTime": "1017/113413", "correlationVector":"K1VGL+ssoNQhf2LM138fhv.22","action":"GetUpdates", "result":"DeleteReceived", "context":{"id":"e9cd7a15-8c42-4d79-95c9-e3e50def0af6", "isDeleted:":"true", "version":"1728965180911"}}
{"logTime": "1017/113413", "correlationVector":"K1VGL+ssoNQhf2LM138fhv.23","action":"GetUpdates", "result":"DeleteReceived", "context":{"id":"0c5ec5df-3fb8-4129-b0bb-547d681bb87e", "isDeleted:":"true", "version":"1728965180912"}}
{"logTime": "1017/113413", "correlationVector":"K1VGL+ssoNQhf2LM138fhv.24","action":"GetUpdates", "result":"DeleteReceived", "context":{"id":"a31cb6b8-849d-443c-a356-b26ff3d566cc", "isDeleted:":"true", "version":"1728967138560"}}
{"logTime": "1017/113413", "correlationVector":"K1VGL+ssoNQhf2LM138fhv.25","action":"GetUpdates", "result":"DeleteReceived", "context":{"id":"58ed287d-4e57-4236-8850-ae6efc848c4a", "isDeleted:":"true", "version":"1728967138561"}}
{"logTime": "1017/113413", "correlationVector":"K1VGL+ssoNQhf2LM138fhv.26","action":"GetUpdates", "result":"DeleteReceived", "context":{"id":"da1307a8-8d15-444a-9f9c-1e627338e644", "isDeleted:":"true", "version":"1728967169050"}}
{"logTime": "1017/113413", "correlationVector":"K1VGL+ssoNQhf2LM138fhv.27","action":"GetUpdates", "result":"DeleteReceived", "context":{"id":"97670675-ada9-4a4e-9d32-50b8bce3204e", "isDeleted:":"true", "version":"1728967264724"}}
{"logTime": "1017/113413", "correlationVector":"K1VGL+ssoNQhf2LM138fhv.28","action":"GetUpdates", "result":"DeleteReceived", "context":{"id":"38e019ed-339f-4698-ac86-6f8bc1131b31", "isDeleted:":"true", "version":"1728967446403"}}
{"logTime": "1017/113413", "correlationVector":"K1VGL+ssoNQhf2LM138fhv.29","action":"GetUpdates", "result":"DeleteReceived", "context":{"id":"1825975c-b7e4-4a09-9239-7fc81d1de235", "isDeleted:":"true", "version":"1728967446406"}}
{"logTime": "1017/113413", "correlationVector":"K1VGL+ssoNQhf2LM138fhv.30","action":"GetUpdates", "result":"DeleteReceived", "context":{"id":"ed567e93-8777-4a26-8b56-04f2032343b2", "isDeleted:":"true", "version":"1728967478251"}}
{"logTime": "1017/113413", "correlationVector":"K1VGL+ssoNQhf2LM138fhv.31","action":"GetUpdates", "result":"DeleteReceived", "context":{"id":"fa505841-18b8-478f-880d-0b01ee591c57", "isDeleted:":"true", "version":"1728987598646"}}
{"logTime": "1017/113413", "correlationVector":"K1VGL+ssoNQhf2LM138fhv.32","action":"GetUpdates", "result":"DeleteReceived", "context":{"id":"d7e01c02-1e9c-42a1-b645-fa5af28d8482", "isDeleted:":"true", "version":"1728987598648"}}
{"logTime": "1017/113413", "correlationVector":"K1VGL+ssoNQhf2LM138fhv.33","action":"GetUpdates", "result":"DeleteReceived", "context":{"id":"5d7aed2d-6739-4a28-80bd-ed4468891069", "isDeleted:":"true", "version":"1728987598650"}}
{"logTime": "1017/113413", "correlationVector":"K1VGL+ssoNQhf2LM138fhv.34","action":"GetUpdates", "result":"DeleteReceived", "context":{"id":"f0ae6d44-8604-4885-8cc4-e07e5702abf6", "isDeleted:":"true", "version":"1728991675547"}}
{"logTime": "1017/113413", "correlationVector":"K1VGL+ssoNQhf2LM138fhv.35","action":"GetUpdates", "result":"DeleteReceived", "context":{"id":"f53b60d8-683b-49b9-97ef-3d2a5b937405", "isDeleted:":"true", "version":"1728997428981"}}
{"logTime": "1017/113413", "correlationVector":"K1VGL+ssoNQhf2LM138fhv.36","action":"GetUpdates", "result":"DeleteReceived", "context":{"id":"14de626b-0446-42d2-b061-7707749d51af", "isDeleted:":"true", "version":"1729000694400"}}
{"logTime": "1017/113413", "correlationVector":"K1VGL+ssoNQhf2LM138fhv.37","action":"GetUpdates", "result":"DeleteReceived", "context":{"id":"7699473a-4414-4fab-bf4e-ca6919aab308", "isDeleted:":"true", "version":"1729000764212"}}
{"logTime": "1017/113413", "correlationVector":"K1VGL+ssoNQhf2LM138fhv.38","action":"GetUpdates", "result":"DeleteReceived", "context":{"id":"d3b9c7f7-e216-472e-b79f-22c8e4583d19", "isDeleted:":"true", "version":"1729005700362"}}
{"logTime": "1017/113413", "correlationVector":"K1VGL+ssoNQhf2LM138fhv.39","action":"GetUpdates", "result":"DeleteReceived", "context":{"id":"2f1c6834-736c-4c40-afdc-2d7ff8100047", "isDeleted:":"true", "version":"1729005700364"}}
{"logTime": "1017/113413", "correlationVector":"K1VGL+ssoNQhf2LM138fhv.40","action":"GetUpdates", "result":"DeleteReceived", "context":{"id":"96cda335-72e6-43dd-aeb9-e74fc13d3540", "isDeleted:":"true", "version":"1729005700365"}}
{"logTime": "1017/113413", "correlationVector":"K1VGL+ssoNQhf2LM138fhv.41","action":"GetUpdates", "result":"DeleteReceived", "context":{"id":"da3fb6c7-d145-465c-8e7e-e9817ed5470c", "isDeleted:":"true", "version":"1729010171688"}}
{"logTime": "1017/113413", "correlationVector":"K1VGL+ssoNQhf2LM138fhv.42","action":"GetUpdates", "result":"DeleteReceived", "context":{"id":"2339cb04-032e-476d-bfe8-2a38869481b6", "isDeleted:":"true", "version":"1729010171690"}}
{"logTime": "1017/113413", "correlationVector":"K1VGL+ssoNQhf2LM138fhv.43","action":"GetUpdates", "result":"DeleteReceived", "context":{"id":"6bced13e-073a-4b34-8075-32532a896a94", "isDeleted:":"true", "version":"1729018315287"}}
{"logTime": "1017/113413", "correlationVector":"K1VGL+ssoNQhf2LM138fhv.44","action":"GetUpdates", "result":"DeleteReceived", "context":{"id":"09b9ea82-b39a-4d49-8762-39635800956f", "isDeleted:":"true", "version":"1729018315289"}}
{"logTime": "1017/113413", "correlationVector":"K1VGL+ssoNQhf2LM138fhv.45","action":"GetUpdates", "result":"DeleteReceived", "context":{"id":"56a573d7-a1fe-4eeb-8849-2794f8d9f981", "isDeleted:":"true", "version":"1729018315290"}}
{"logTime": "1017/113413", "correlationVector":"K1VGL+ssoNQhf2LM138fhv.46","action":"GetUpdates", "result":"DeleteReceived", "context":{"id":"94dedd25-6bbd-47c8-9940-e10852924110", "isDeleted:":"true", "version":"1729018315291"}}
{"logTime": "1017/113413", "correlationVector":"K1VGL+ssoNQhf2LM138fhv.47","action":"GetUpdates", "result":"DeleteReceived", "context":{"id":"a1a22639-e419-40a7-a762-7eb836d6284d", "isDeleted:":"true", "version":"1729048617132"}}
{"logTime": "1017/113413", "correlationVector":"K1VGL+ssoNQhf2LM138fhv.48","action":"GetUpdates", "result":"DeleteReceived", "context":{"id":"25d04c8f-4254-4928-bd77-d5305e54210b", "isDeleted:":"true", "version":"1729049522962"}}
{"logTime": "1017/113413", "correlationVector":"K1VGL+ssoNQhf2LM138fhv.49","action":"GetUpdates", "result":"DeleteReceived", "context":{"id":"62e479e6-5bd9-4635-bc9a-f5f8ef7cc366", "isDeleted:":"true", "version":"1729049522965"}}
{"logTime": "1017/113413", "correlationVector":"K1VGL+ssoNQhf2LM138fhv.50","action":"GetUpdates", "result":"DeleteReceived", "context":{"id":"5d500239-ece7-4770-af42-b3a6f366a38d", "isDeleted:":"true", "version":"1729049581978"}}
{"logTime": "1017/113413", "correlationVector":"K1VGL+ssoNQhf2LM138fhv.51","action":"GetUpdates", "result":"DeleteReceived", "context":{"id":"848ec4fa-e3da-4e98-a3d2-00e4849e3a3f", "isDeleted:":"true", "version":"1729078386481"}}
{"logTime": "1017/113413", "correlationVector":"K1VGL+ssoNQhf2LM138fhv.52","action":"GetUpdates", "result":"DeleteReceived", "context":{"id":"cf194546-5424-443e-ba3c-36fea49d2696", "isDeleted:":"true", "version":"1729085021374"}}
{"logTime": "1017/113413", "correlationVector":"K1VGL+ssoNQhf2LM138fhv.53","action":"GetUpdates", "result":"DeleteReceived", "context":{"id":"b4510986-c9c3-40d6-b47a-27c920c9ef3a", "isDeleted:":"true", "version":"1729085149315"}}
{"logTime": "1017/113413", "correlationVector":"K1VGL+ssoNQhf2LM138fhv.54","action":"GetUpdates", "result":"DeleteReceived", "context":{"id":"990f6aa5-3f9b-4e2e-8127-2b3654f3e00c", "isDeleted:":"true", "version":"1729085149316"}}
{"logTime": "1017/113413", "correlationVector":"K1VGL+ssoNQhf2LM138fhv.55","action":"GetUpdates", "result":"DeleteReceived", "context":{"id":"bb1e5ad3-e364-4241-b8a1-a7c2db54013f", "isDeleted:":"true", "version":"1729085275175"}}
{"logTime": "1017/113413", "correlationVector":"K1VGL+ssoNQhf2LM138fhv.56","action":"GetUpdates", "result":"DeleteReceived", "context":{"id":"1d0360dd-5e69-42ac-991f-06cbe196504f", "isDeleted:":"true", "version":"1729085536108"}}
{"logTime": "1017/113413", "correlationVector":"K1VGL+ssoNQhf2LM138fhv.57","action":"GetUpdates", "result":"DeleteReceived", "context":{"id":"79fcb9c7-4bfe-41c0-8422-138cc27a1a6a", "isDeleted:":"true", "version":"1729085536110"}}
{"logTime": "1017/113413", "correlationVector":"K1VGL+ssoNQhf2LM138fhv.58","action":"GetUpdates", "result":"DeleteReceived", "context":{"id":"5e06fce4-9ce2-4764-aecf-20c6dbe57527", "isDeleted:":"true", "version":"1729085597716"}}
{"logTime": "1017/113413", "correlationVector":"K1VGL+ssoNQhf2LM138fhv.59","action":"GetUpdates", "result":"DeleteReceived", "context":{"id":"8092726d-fc42-4b34-8d4e-8be6ef47d465", "isDeleted:":"true", "version":"1729086225231"}}
{"logTime": "1017/113413", "correlationVector":"K1VGL+ssoNQhf2LM138fhv.60","action":"GetUpdates", "result":"DeleteReceived", "context":{"id":"e4e20002-b79f-445d-9e62-f3cd4cded864", "isDeleted:":"true", "version":"1729086263448"}}
{"logTime": "1017/113413", "correlationVector":"K1VGL+ssoNQhf2LM138fhv.61","action":"GetUpdates", "result":"DeleteReceived", "context":{"id":"35a3991c-973a-4044-a59f-6713839a5de3", "isDeleted:":"true", "version":"1729086263449"}}
{"logTime": "1017/113413", "correlationVector":"K1VGL+ssoNQhf2LM138fhv.62","action":"GetUpdates", "result":"DeleteReceived", "context":{"id":"2b5ec632-a5d3-4bbc-be5e-15371078c6ba", "isDeleted:":"true", "version":"1729088125935"}}
{"logTime": "1017/113413", "correlationVector":"K1VGL+ssoNQhf2LM138fhv.63","action":"GetUpdates", "result":"DeleteReceived", "context":{"id":"af63dd3a-13ec-49e0-8e38-b871655c5b03", "isDeleted:":"true", "version":"1729088160968"}}
{"logTime": "1017/113413", "correlationVector":"K1VGL+ssoNQhf2LM138fhv.64","action":"GetUpdates", "result":"DeleteReceived", "context":{"id":"72e449d8-022d-4b24-846f-97aa6de6933e", "isDeleted:":"true", "version":"1729088160969"}}
{"logTime": "1017/113413", "correlationVector":"K1VGL+ssoNQhf2LM138fhv.65","action":"GetUpdates", "result":"DeleteReceived", "context":{"id":"efb3234b-17aa-4176-918f-41c3743f3170", "isDeleted:":"true", "version":"1729088343682"}}
{"logTime": "1017/113413", "correlationVector":"K1VGL+ssoNQhf2LM138fhv.66","action":"GetUpdates", "result":"DeleteReceived", "context":{"id":"bcd30012-d10f-4a79-a708-350235543394", "isDeleted:":"true", "version":"1729088577305"}}
{"logTime": "1017/113413", "correlationVector":"K1VGL+ssoNQhf2LM138fhv.67","action":"GetUpdates", "result":"DeleteReceived", "context":{"id":"bc15d34f-c10e-41a5-9d5a-0d554bc26f1c", "isDeleted:":"true", "version":"1729088607897"}}
{"logTime": "1017/113413", "correlationVector":"K1VGL+ssoNQhf2LM138fhv.68","action":"GetUpdates", "result":"DeleteReceived", "context":{"id":"e4d778fb-1a91-4c21-8548-f764c458705c", "isDeleted:":"true", "version":"1729088607899"}}
{"logTime": "1017/113413", "correlationVector":"K1VGL+ssoNQhf2LM138fhv.69","action":"GetUpdates", "result":"DeleteReceived", "context":{"id":"9c7153cf-2af4-420f-8e2d-3a83c9399f94", "isDeleted:":"true", "version":"1729096760531"}}
{"logTime": "1017/113413", "correlationVector":"K1VGL+ssoNQhf2LM138fhv.70","action":"GetUpdates", "result":"DeleteReceived", "context":{"id":"1c488d28-860e-4659-adfc-8be2c9807390", "isDeleted:":"true", "version":"1729096760532"}}
{"logTime": "1017/113413", "correlationVector":"K1VGL+ssoNQhf2LM138fhv.71","action":"GetUpdates", "result":"DeleteReceived", "context":{"id":"5e077265-9986-469d-8c0c-c2ee7214eae7", "isDeleted:":"true", "version":"1729101590661"}}
{"logTime": "1017/113413", "correlationVector":"K1VGL+ssoNQhf2LM138fhv.72","action":"GetUpdates", "result":"DeleteReceived", "context":{"id":"14270b2b-67a4-4de6-9128-26cc6d14d5d8", "isDeleted:":"true", "version":"1729103233134"}}
{"logTime": "1017/113413", "correlationVector":"K1VGL+ssoNQhf2LM138fhv.73","action":"GetUpdates", "result":"DeleteReceived", "context":{"id":"7491de3e-0029-49e4-ae46-7443953ae48b", "isDeleted:":"true", "version":"1729103233135"}}
{"logTime": "1017/113413", "correlationVector":"K1VGL+ssoNQhf2LM138fhv.74","action":"GetUpdates", "result":"DeleteReceived", "context":{"id":"210052a2-eefc-436b-b2fe-5a8201bd6a7b", "isDeleted:":"true", "version":"1729103386784"}}
{"logTime": "1017/113413", "correlationVector":"K1VGL+ssoNQhf2LM138fhv.75","action":"GetUpdates", "result":"DeleteReceived", "context":{"id":"4aae1eb8-3d57-4a7e-a08c-6b90e88027a6", "isDeleted:":"true", "version":"1729103501420"}}
{"logTime": "1017/113413", "correlationVector":"K1VGL+ssoNQhf2LM138fhv.76","action":"GetUpdates", "result":"DeleteReceived", "context":{"id":"24b56fb7-6a83-450d-b0f2-4eb0b78bca2e", "isDeleted:":"true", "version":"1729103674041"}}
{"logTime": "1017/113413", "correlationVector":"K1VGL+ssoNQhf2LM138fhv.77","action":"GetUpdates", "result":"DeleteReceived", "context":{"id":"c947860e-8ff7-42f8-ab06-46aed558d9b3", "isDeleted:":"true", "version":"1729103797374"}}
{"logTime": "1017/113413", "correlationVector":"K1VGL+ssoNQhf2LM138fhv.78","action":"GetUpdates", "result":"DeleteReceived", "context":{"id":"5e7a12d3-317a-4735-8b9a-0fc978d81a41", "isDeleted:":"true", "version":"1729106666768"}}
{"logTime": "1017/113413", "correlationVector":"K1VGL+ssoNQhf2LM138fhv.79","action":"GetUpdates", "result":"DeleteReceived", "context":{"id":"53031ac5-27ce-4180-9a97-508ae8222db6", "isDeleted:":"true", "version":"1729139127848"}}
{"logTime": "1017/113413", "correlationVector":"K1VGL+ssoNQhf2LM138fhv.80","action":"GetUpdates", "result":"DeleteReceived", "context":{"id":"2a13741c-2c18-41b4-9037-54debcbcb9c7", "isDeleted:":"true", "version":"1729139127851"}}
{"logTime": "1017/113413", "correlationVector":"K1VGL+ssoNQhf2LM138fhv.81","action":"GetUpdates", "result":"DeleteReceived", "context":{"id":"0046417a-8088-4b1d-a044-18898f7de588", "isDeleted:":"true", "version":"1729139127852"}}
{"logTime": "1017/113413", "correlationVector":"K1VGL+ssoNQhf2LM138fhv.82","action":"GetUpdates", "result":"DeleteReceived", "context":{"id":"d527ca5a-4b82-4be1-a67d-06c49774a720", "isDeleted:":"true", "version":"1729139127853"}}
{"logTime": "1017/113413", "correlationVector":"K1VGL+ssoNQhf2LM138fhv.83","action":"GetUpdates", "result":"DeleteReceived", "context":{"id":"1e4aa33e-b53e-44f8-84b5-ecc33d9e2f7b", "isDeleted:":"true", "version":"1729157489114"}}
{"logTime": "1017/113413", "correlationVector":"K1VGL+ssoNQhf2LM138fhv.84","action":"GetUpdates", "result":"DeleteReceived", "context":{"id":"1cbbe4e0-4dd4-4c90-bdd6-c4620de9f120", "isDeleted:":"true", "version":"1729157489115"}}
{"logTime": "1017/113413", "correlationVector":"K1VGL+ssoNQhf2LM138fhv.85","action":"GetUpdates", "result":"DeleteReceived", "context":{"id":"145dcd0c-83d4-4542-9bad-2922c6b95f79", "isDeleted:":"true", "version":"1729158706839"}}
{"logTime": "1017/113413", "correlationVector":"K1VGL+ssoNQhf2LM138fhv.86","action":"GetUpdates", "result":"DeleteReceived", "context":{"id":"f76e7933-0d5c-47ac-8e0c-204294b3bffc", "isDeleted:":"true", "version":"1729158740739"}}
{"logTime": "1017/113413", "correlationVector":"K1VGL+ssoNQhf2LM138fhv.87","action":"GetUpdates", "result":"DeleteReceived", "context":{"id":"69fe3941-7146-4ccd-aa0b-27a71cf9640c", "isDeleted:":"true", "version":"1729158894747"}}
{"logTime": "1017/113413", "correlationVector":"K1VGL+ssoNQhf2LM138fhv.88","action":"GetUpdates", "result":"DeleteReceived", "context":{"id":"ec1b0c58-bb72-4ecd-ad4d-0c91526f1568", "isDeleted:":"true", "version":"1729158894751"}}
{"logTime": "1017/113413", "correlationVector":"K1VGL+ssoNQhf2LM138fhv.89","action":"GetUpdates", "result":"DeleteReceived", "context":{"id":"dc7a8202-4f80-4ae2-ab7d-16a00dd4ddc2", "isDeleted:":"true", "version":"1729158988665"}}
{"logTime": "1017/113413", "correlationVector":"K1VGL+ssoNQhf2LM138fhv.90","action":"GetUpdates", "result":"DeleteReceived", "context":{"id":"c018c79e-1448-4711-ba93-1fa5316f28c4", "isDeleted:":"true", "version":"1729158988667"}}
{"logTime": "1017/113413", "correlationVector":"K1VGL+ssoNQhf2LM138fhv.91","action":"GetUpdates", "result":"DeleteReceived", "context":{"id":"26fca39d-ea21-4552-a75e-5788e118e28c", "isDeleted:":"true", "version":"1729158988668"}}
{"logTime": "1017/113413", "correlationVector":"K1VGL+ssoNQhf2LM138fhv.92","action":"GetUpdates", "result":"DeleteReceived", "context":{"id":"801e8610-d8ce-40dc-acea-a5745ab39fc0", "isDeleted:":"true", "version":"1729158988671"}}
{"logTime": "1017/113413", "correlationVector":"K1VGL+ssoNQhf2LM138fhv.93","action":"GetUpdates", "result":"DeleteReceived", "context":{"id":"0f468d8b-3d2c-48f0-9481-7321754ea843", "isDeleted:":"true", "version":"1729159108342"}}
{"logTime": "1017/113413", "correlationVector":"K1VGL+ssoNQhf2LM138fhv.94","action":"GetUpdates", "result":"DeleteReceived", "context":{"id":"4466b4fb-0074-4762-91a3-90f113d0a022", "isDeleted:":"true", "version":"1729159108344"}}
{"logTime": "1017/113413", "correlationVector":"K1VGL+ssoNQhf2LM138fhv.95","action":"GetUpdates", "result":"DeleteReceived", "context":{"id":"d437e599-f7f3-415b-8816-b670ff2a2425", "isDeleted:":"true", "version":"1729159140739"}}
{"logTime": "1017/113413", "correlationVector":"K1VGL+ssoNQhf2LM138fhv.96","action":"GetUpdates", "result":"DeleteReceived", "context":{"id":"11f5f1cd-0be8-488e-8555-1949d148931e", "isDeleted:":"true", "version":"1729160127283"}}
{"logTime": "1017/113413", "correlationVector":"K1VGL+ssoNQhf2LM138fhv.97","action":"GetUpdates", "result":"DeleteReceived", "context":{"id":"2eb9fc88-3b49-473e-b39d-6c9a08f88b21", "isDeleted:":"true", "version":"1729161144113"}}
{"logTime": "1017/113413", "correlationVector":"K1VGL+ssoNQhf2LM138fhv.98","action":"GetUpdates", "result":"DeleteReceived", "context":{"id":"4f0d1477-f4b4-4292-a958-cad0c746e6b5", "isDeleted:":"true", "version":"1729161144114"}}
{"logTime": "1017/113413", "correlationVector":"K1VGL+ssoNQhf2LM138fhv.99","action":"GetUpdates", "result":"DeleteReceived", "context":{"id":"dc549a30-951c-4247-b66f-58ac975f3bf0", "isDeleted:":"true", "version":"1729161144115"}}
{"logTime": "1017/113413", "correlationVector":"K1VGL+ssoNQhf2LM138fhv.100","action":"GetUpdates", "result":"DeleteReceived", "context":{"id":"3002f5f8-57c0-4294-9145-bcc619080c71", "isDeleted:":"true", "version":"1729161144116"}}
{"logTime": "1017/113413", "correlationVector":"K1VGL+ssoNQhf2LM138fhv.101","action":"GetUpdates", "result":"DeleteReceived", "context":{"id":"bf3f63b3-bf5a-4e11-bc8b-966809983d59", "isDeleted:":"true", "version":"1729161144117"}}
{"logTime": "1017/113413", "correlationVector":"K1VGL+ssoNQhf2LM138fhv.102","action":"GetUpdates", "result":"DeleteReceived", "context":{"id":"8611874d-01b4-4c46-b1c6-c25f6c51e64b", "isDeleted:":"true", "version":"1729163523509"}}
{"logTime": "1017/113413", "correlationVector":"K1VGL+ssoNQhf2LM138fhv.103","action":"GetUpdates", "result":"DeleteReceived", "context":{"id":"bd0e5343-341a-4d7b-9d10-c5b581c46ea5", "isDeleted:":"true", "version":"1729163588773"}}
{"logTime": "1017/113413", "correlationVector":"K1VGL+ssoNQhf2LM138fhv.104","action":"GetUpdates", "result":"DeleteReceived", "context":{"id":"6da392df-a0a3-46ee-a960-d9323f60aaf0", "isDeleted:":"true", "version":"1729163588774"}}
{"logTime": "1017/113413", "correlationVector":"K1VGL+ssoNQhf2LM138fhv.105","action":"GetUpdates", "result":"DeleteReceived", "context":{"id":"d0b169f3-a234-40b5-857e-ca4a513480f5", "isDeleted:":"true", "version":"1729163623907"}}
{"logTime": "1017/113413", "correlationVector":"K1VGL+ssoNQhf2LM138fhv.106","action":"GetUpdates", "result":"DeleteReceived", "context":{"id":"602451dc-351e-4bd8-8877-277a073e0f71", "isDeleted:":"true", "version":"1729163716061"}}
{"logTime": "1017/113413", "correlationVector":"K1VGL+ssoNQhf2LM138fhv.107","action":"GetUpdates", "result":"DeleteReceived", "context":{"id":"2213305f-6936-4d47-b5f8-3e8682845c70", "isDeleted:":"true", "version":"1729163817761"}}
{"logTime": "1017/113413", "correlationVector":"K1VGL+ssoNQhf2LM138fhv.108","action":"GetUpdates Response", "result":"Success", "context":Received 161 update(s). cV=K1VGL+ssoNQhf2LM138fhv.0;server=GENERAL0300002Z;cloudType=Consumer;environment=Prod_SoutheastAsia_000j;migrationStage=NotStarted}
{"logTime": "1017/113414", "correlationVector":"OaAG7gyl2aWLrHFim1Kpx0","action":"DoCompareDataConsistency requsted types: ", "result":"Bookmarks, Preferences, Passwords, Typed URLs, Extensions, Extension settings, History Delete Directives, Send Tab To Self, Web Apps, Collection, Edge E Drop, Edge Tab Group, Edge Wallet, Encryption Keys"}
{"logTime": "1017/113414", "correlationVector":"OaAG7gyl2aWLrHFim1Kpx0.0","action":"CompareDataConsistency result: ", "result":"Compare result: Encryption Keys is consistent. local entities count is: 1 local entities hash is: a26Q5quGiW8H4xVVlm0Er73YOoE="}
{"logTime": "1017/113414", "correlationVector":"OaAG7gyl2aWLrHFim1Kpx0.1","action":"CompareDataConsistency result: ", "result":"Compare result: Bookmarks is consistent. local entities count is: 31 local entities hash is: sAnnIrzD7FPCx1r5RWs+xflXvjA="}
{"logTime": "1017/113414", "correlationVector":"OaAG7gyl2aWLrHFim1Kpx0.2","action":"CompareDataConsistency result: ", "result":"Compare result: Preferences is consistent. local entities count is: 91 local entities hash is: A4YgT+FjnuIlTvQgo/AhVhiJkPQ="}
{"logTime": "1017/113414", "correlationVector":"OaAG7gyl2aWLrHFim1Kpx0.3","action":"CompareDataConsistency result: ", "result":"Server did not send this Typed URLs local entities count is: 0 local entities hash is: "}
{"logTime": "1017/113414", "correlationVector":"OaAG7gyl2aWLrHFim1Kpx0.4","action":"CompareDataConsistency result: ", "result":"Compare result: Extensions is consistent. local entities count is: 6 local entities hash is: eeHu5H+8QxUf3U98WY7laVh0caI="}
{"logTime": "1017/113414", "correlationVector":"OaAG7gyl2aWLrHFim1Kpx0.5","action":"CompareDataConsistency result: ", "result":"Compare result: Extension settings is consistent. local entities count is: 12 local entities hash is: whSu2q8OLqQc+X2aXes/cfL+jFc="}
{"logTime": "1017/113414", "correlationVector":"OaAG7gyl2aWLrHFim1Kpx0.6","action":"CompareDataConsistency result: ", "result":"Compare result: History Delete Directives is inconsistent. server entities count is: 116 server entities hash is: ygYTLvNAVNVd9H52QJtjCXvFHq8= local entities count is: 34 local entities hash is: 5suY9MddI0NNdhPZef0085i5Sug="}
{"logTime": "1017/113414", "correlationVector":"OaAG7gyl2aWLrHFim1Kpx0.7","action":"CompareDataConsistency result: ", "result":"Server did not send this Send Tab To Self local entities count is: 0 local entities hash is: "}
{"logTime": "1017/113414", "correlationVector":"OaAG7gyl2aWLrHFim1Kpx0.8","action":"CompareDataConsistency result: ", "result":"Compare result: Web Apps is consistent. local entities count is: 0 local entities hash is: "}
{"logTime": "1017/113414", "correlationVector":"OaAG7gyl2aWLrHFim1Kpx0.9","action":"CompareDataConsistency result: ", "result":"Compare result: Collection is consistent. local entities count is: 0 local entities hash is: "}
{"logTime": "1017/113414", "correlationVector":"OaAG7gyl2aWLrHFim1Kpx0.10","action":"CompareDataConsistency result: ", "result":"Compare result: Edge E Drop is consistent. local entities count is: 0 local entities hash is: "}
{"logTime": "1017/113414", "correlationVector":"OaAG7gyl2aWLrHFim1Kpx0.11","action":"CompareDataConsistency result: ", "result":"Compare result: Edge Tab Group is consistent. local entities count is: 0 local entities hash is: "}
{"logTime": "1017/113414", "correlationVector":"OaAG7gyl2aWLrHFim1Kpx0.12","action":"CompareDataConsistency result: ", "result":"Compare result: Edge Wallet is consistent. local entities count is: 0 local entities hash is: "}
{"logTime": "1017/113414", "correlationVector":"OaAG7gyl2aWLrHFim1Kpx0.13","action":"CompareDataConsistency result: ", "result":"Compare result: Passwords is consistent. local entities count is: 223 local entities hash is: POZ0wJw7NdhKt6cWKhjtBY2i1kM="}
{"logTime": "1017/113414", "correlationVector":"R6KBqxSvrmwQREN0l3te5P","action":"Commit Request", "result":"", "context":Item count: 3
Contributing types: Sessions, Device Info}
{"logTime": "1017/113414", "correlationVector":"R6KBqxSvrmwQREN0l3te5P.1","action":"SyncServerConnectionManagerRequest", "result":"SYNC_SERVER_OK", "context":{"environment":"Prod_SoutheastAsia_000j", "migrationStage":"NotStarted", "server":"GENERAL01000005"}}
{"logTime": "1017/113414", "correlationVector":"R6KBqxSvrmwQREN0l3te5P.2","action":"Commit Response", "result":"Success", "context":Result: Success. cV=R6KBqxSvrmwQREN0l3te5P.0;server=GENERAL01000005;cloudType=Consumer;environment=Prod_SoutheastAsia_000j;migrationStage=NotStarted}
{"logTime": "1017/113414", "correlationVector":"","action":"DIAGNOSTIC_REQUEST|v1/diagnosticData/Diagnostic.SendCheckResult()|SUCCESS", "result":""}
{"logTime": "1017/113414", "correlationVector":"UxenqR+v/dbUGXoaNvkILx","action":"Normal GetUpdate request", "result":"", "context":cV=UxenqR+v/dbUGXoaNvkILx
Nudged types: Sessions, Device Info}
{"logTime": "1017/113415", "correlationVector":"UxenqR+v/dbUGXoaNvkILx.1","action":"SyncServerConnectionManagerRequest", "result":"SYNC_SERVER_OK", "context":{"environment":"Prod_SoutheastAsia_000j", "migrationStage":"NotStarted", "server":"GENERAL0300002X"}}
{"logTime": "1017/113415", "correlationVector":"UxenqR+v/dbUGXoaNvkILx.2","action":"GetUpdates Response", "result":"Success", "context":Received 3 update(s). cV=UxenqR+v/dbUGXoaNvkILx.0;server=GENERAL0300002X;cloudType=Consumer;environment=Prod_SoutheastAsia_000j;migrationStage=NotStarted}
{"logTime": "1017/113415", "correlationVector":"tBSKfkO0zdVBhPRlT7Nhf+","action":"Poll GetUpdate request", "result":"", "context":cV=tBSKfkO0zdVBhPRlT7Nhf+}
{"logTime": "1017/113415", "correlationVector":"tBSKfkO0zdVBhPRlT7Nhf+.1","action":"SyncServerConnectionManagerRequest", "result":"SYNC_SERVER_OK", "context":{"environment":"Prod_SoutheastAsia_000j", "migrationStage":"NotStarted", "server":"GENERAL01000011"}}
{"logTime": "1017/113415", "correlationVector":"tBSKfkO0zdVBhPRlT7Nhf+.2","action":"GetUpdates Response", "result":"Success", "context":Received 0 update(s). cV=tBSKfkO0zdVBhPRlT7Nhf+.0;server=GENERAL01000011;cloudType=Consumer;environment=Prod_SoutheastAsia_000j;migrationStage=NotStarted}
{"logTime": "1017/113427", "correlationVector":"HDRWuALWhShrPkyVTKnKeO","action":"Commit Request", "result":"", "context":Item count: 40
Contributing types: Passwords}
{"logTime": "1017/113430", "correlationVector":"HDRWuALWhShrPkyVTKnKeO.1","action":"SyncServerConnectionManagerRequest", "result":"SYNC_SERVER_OK", "context":{"environment":"Prod_SoutheastAsia_000j", "migrationStage":"NotStarted", "server":"GENERAL01000000"}}
{"logTime": "1017/113430", "correlationVector":"HDRWuALWhShrPkyVTKnKeO.2","action":"Commit Response", "result":"Success", "context":Result: Success. cV=HDRWuALWhShrPkyVTKnKeO.0;server=GENERAL01000000;cloudType=Consumer;environment=Prod_SoutheastAsia_000j;migrationStage=NotStarted}
{"logTime": "1017/113430", "correlationVector":"vnD3or6L82U9k0cIdg2+KI","action":"Commit Request", "result":"", "context":Item count: 40
Contributing types: Passwords}
{"logTime": "1017/113432", "correlationVector":"vnD3or6L82U9k0cIdg2+KI.1","action":"SyncServerConnectionManagerRequest", "result":"SYNC_SERVER_OK", "context":{"environment":"Prod_SoutheastAsia_000j", "migrationStage":"NotStarted", "server":"GENERAL03000015"}}
{"logTime": "1017/113432", "correlationVector":"vnD3or6L82U9k0cIdg2+KI.2","action":"Commit Response", "result":"Success", "context":Result: Success. cV=vnD3or6L82U9k0cIdg2+KI.0;server=GENERAL03000015;cloudType=Consumer;environment=Prod_SoutheastAsia_000j;migrationStage=NotStarted}
{"logTime": "1017/113432", "correlationVector":"VvRJBU5BAZ+yvuOE6yUl9x","action":"Commit Request", "result":"", "context":Item count: 6
Contributing types: Preferences, Passwords}
{"logTime": "1017/113433", "correlationVector":"VvRJBU5BAZ+yvuOE6yUl9x.1","action":"SyncServerConnectionManagerRequest", "result":"SYNC_SERVER_OK", "context":{"environment":"Prod_SoutheastAsia_000j", "migrationStage":"NotStarted", "server":"GENERAL0300001L"}}
{"logTime": "1017/113433", "correlationVector":"VvRJBU5BAZ+yvuOE6yUl9x.2","action":"Commit Response", "result":"Success", "context":Result: Success. cV=VvRJBU5BAZ+yvuOE6yUl9x.0;server=GENERAL0300001L;cloudType=Consumer;environment=Prod_SoutheastAsia_000j;migrationStage=NotStarted}
